<?xml version="1.0" encoding="UTF-8"?>
<testsuites name="Apollo - dark build" time="1792" tests="24" failures="7" errors="0">
   <testsuite name="Apollo - dark build" tests="24" failures="7" errors="0" time="1792" timestamp="2019-06-25 12:00:03" hostname="sumankompelly - 10.0.126.233" id="Test Suites/Apollo - dark build">
      <properties>
[...]
</properties>
      <testcase name="Test Cases/COLLECTION PAGE/colour variants" classname="Test Cases/COLLECTION PAGE/colour variants" status="PASSED">
         <system-out><![CDATA[2019-06-25 12:00:04 - [TEST_CASE][PASSED] - Test Cases/COLLECTION PAGE/colour variants: Test Cases/COLLECTION PAGE/colour variants

2019-06-25 12:00:04 - [TEST_STEP][PASSED] - callTestCase(findTestCase("CALL - URL"), [:], STOP_ON_FAILURE): Call Test Case 'Test Cases/CALL - URL' successfully

2019-06-25 12:00:04 - [TEST_CASE][PASSED] - Test Cases/CALL - URL: Test Cases/CALL - URL

2019-06-25 12:00:04 - [TEST_STEP][PASSED] - openBrowser(""): Browser is opened with url: ''

2019-06-25 12:00:05 - [MESSAGE][INFO] - Starting 'Chrome' driver

2019-06-25 12:00:05 - [MESSAGE][INFO] - Action delay is set to 0 seconds

2019-06-25 12:00:07 - [MESSAGE][PASSED] - Browser is opened with url: ''

2019-06-25 12:00:07 - [TEST_STEP][PASSED] - navigateToUrl("https://diff-apollo.myshopify.com/?key=eec34184cfd8f82cda816f82753a8c8e9e240f30cf54470e19667b8cbb401948&preview_theme_id="): Navigate to 'https://diff-apollo.myshopify.com/?key=eec34184cfd8f82cda816f82753a8c8e9e240f30cf54470e19667b8cbb401948&preview_theme_id=' successfully

2019-06-25 12:00:09 - [MESSAGE][PASSED] - Navigate to 'https://diff-apollo.myshopify.com/?key=eec34184cfd8f82cda816f82753a8c8e9e240f30cf54470e19667b8cbb401948&preview_theme_id=' successfully

2019-06-25 12:00:09 - [TEST_STEP][NOT_RUN] - executeJavaScript("var previewBar = document.getElementById("preview-bar-iframe"); previewBar.style.display = "none";", []): NOT_RUN: executeJavaScript("var previewBar = document.getElementById("preview-bar-iframe"); previewBar.style.display = "none";", [])

2019-06-25 12:00:09 - [MESSAGE][NOT_RUN] - NOT_RUN: executeJavaScript("var previewBar = document.getElementById("preview-bar-iframe"); previewBar.style.display = "none";", [])

2019-06-25 12:00:09 - [MESSAGE][PASSED] - Call Test Case 'Test Cases/CALL - URL' successfully

2019-06-25 12:00:09 - [TEST_STEP][PASSED] - delay(2): Delayed 2 second(s)

2019-06-25 12:00:11 - [MESSAGE][PASSED] - Delayed 2 second(s)

2019-06-25 12:00:11 - [TEST_STEP][PASSED] - click(findTestObject("APOLLO- Desktop/Burger Menu/Burgermenu")): Object: 'Object Repository/APOLLO- Desktop/Burger Menu/Burgermenu' is clicked on

2019-06-25 12:00:12 - [MESSAGE][PASSED] - Object: 'Object Repository/APOLLO- Desktop/Burger Menu/Burgermenu' is clicked on

2019-06-25 12:00:12 - [TEST_STEP][PASSED] - delay(2): Delayed 2 second(s)

2019-06-25 12:00:14 - [MESSAGE][PASSED] - Delayed 2 second(s)

2019-06-25 12:00:14 - [TEST_STEP][PASSED] - click(findTestObject("APOLLO- Desktop/Burger Menu/Mens chevron")): Object: 'Object Repository/APOLLO- Desktop/Burger Menu/Mens chevron' is clicked on

2019-06-25 12:00:14 - [MESSAGE][PASSED] - Object: 'Object Repository/APOLLO- Desktop/Burger Menu/Mens chevron' is clicked on

2019-06-25 12:00:14 - [TEST_STEP][PASSED] - delay(2): Delayed 2 second(s)

2019-06-25 12:00:16 - [MESSAGE][PASSED] - Delayed 2 second(s)

2019-06-25 12:00:16 - [TEST_STEP][PASSED] - click(findTestObject("APOLLO- Desktop/Burger Menu/Mens - Top Chevron")): Object: 'Object Repository/APOLLO- Desktop/Burger Menu/Mens - Top Chevron' is clicked on

2019-06-25 12:00:16 - [MESSAGE][PASSED] - Object: 'Object Repository/APOLLO- Desktop/Burger Menu/Mens - Top Chevron' is clicked on

2019-06-25 12:00:16 - [TEST_STEP][PASSED] - delay(2): Delayed 2 second(s)

2019-06-25 12:00:18 - [MESSAGE][PASSED] - Delayed 2 second(s)

2019-06-25 12:00:18 - [TEST_STEP][PASSED] - click(findTestObject("APOLLO- Desktop/Burger Menu/Shirts link")): Object: 'Object Repository/APOLLO- Desktop/Burger Menu/Shirts link' is clicked on

2019-06-25 12:00:20 - [MESSAGE][PASSED] - Object: 'Object Repository/APOLLO- Desktop/Burger Menu/Shirts link' is clicked on

2019-06-25 12:00:20 - [TEST_STEP][NOT_RUN] - executeJavaScript("var previewBar = document.getElementById("preview-bar-iframe"); previewBar.style.display = "none";", []): NOT_RUN: executeJavaScript("var previewBar = document.getElementById("preview-bar-iframe"); previewBar.style.display = "none";", [])

2019-06-25 12:00:20 - [MESSAGE][NOT_RUN] - NOT_RUN: executeJavaScript("var previewBar = document.getElementById("preview-bar-iframe"); previewBar.style.display = "none";", [])

2019-06-25 12:00:20 - [TEST_STEP][PASSED] - delay(2): Delayed 2 second(s)

2019-06-25 12:00:22 - [MESSAGE][PASSED] - Delayed 2 second(s)

2019-06-25 12:00:22 - [TEST_STEP][NOT_RUN] - executeJavaScript("var previewBar = document.getElementById("preview-bar-iframe"); previewBar.style.display = "none";", []): NOT_RUN: executeJavaScript("var previewBar = document.getElementById("preview-bar-iframe"); previewBar.style.display = "none";", [])

2019-06-25 12:00:22 - [MESSAGE][NOT_RUN] - NOT_RUN: executeJavaScript("var previewBar = document.getElementById("preview-bar-iframe"); previewBar.style.display = "none";", [])

2019-06-25 12:00:22 - [TEST_STEP][PASSED] - delay(2): Delayed 2 second(s)

2019-06-25 12:00:24 - [MESSAGE][PASSED] - Delayed 2 second(s)

2019-06-25 12:00:24 - [TEST_STEP][PASSED] - scrollToElement(findTestObject("APOLLO- Desktop/Collection page/Blue shirt product"), 0): Scroll to object 'Object Repository/APOLLO- Desktop/Collection page/Blue shirt product' successfully

2019-06-25 12:00:24 - [MESSAGE][WARNING] - Timeout '0' is invalid. Using default page load timeout: '30'

2019-06-25 12:00:24 - [MESSAGE][PASSED] - Scroll to object 'Object Repository/APOLLO- Desktop/Collection page/Blue shirt product' successfully

2019-06-25 12:00:24 - [TEST_STEP][PASSED] - delay(2): Delayed 2 second(s)

2019-06-25 12:00:26 - [MESSAGE][PASSED] - Delayed 2 second(s)

2019-06-25 12:00:26 - [TEST_STEP][PASSED] - click(findTestObject("APOLLO- Desktop/Collection page/color variants/red variant")): Object: 'Object Repository/APOLLO- Desktop/Collection page/color variants/red variant' is clicked on

2019-06-25 12:00:26 - [MESSAGE][PASSED] - Object: 'Object Repository/APOLLO- Desktop/Collection page/color variants/red variant' is clicked on

2019-06-25 12:00:26 - [TEST_STEP][PASSED] - delay(2): Delayed 2 second(s)

2019-06-25 12:00:28 - [MESSAGE][PASSED] - Delayed 2 second(s)

2019-06-25 12:00:28 - [TEST_STEP][PASSED] - click(findTestObject("APOLLO- Desktop/Collection page/color variants/Purple variant")): Object: 'Object Repository/APOLLO- Desktop/Collection page/color variants/Purple variant' is clicked on

2019-06-25 12:00:28 - [MESSAGE][PASSED] - Object: 'Object Repository/APOLLO- Desktop/Collection page/color variants/Purple variant' is clicked on

2019-06-25 12:00:28 - [TEST_STEP][PASSED] - delay(2): Delayed 2 second(s)

2019-06-25 12:00:30 - [MESSAGE][PASSED] - Delayed 2 second(s)

2019-06-25 12:00:30 - [TEST_STEP][PASSED] - click(findTestObject("APOLLO- Desktop/Collection page/color variants/green variant")): Object: 'Object Repository/APOLLO- Desktop/Collection page/color variants/green variant' is clicked on

2019-06-25 12:00:30 - [MESSAGE][PASSED] - Object: 'Object Repository/APOLLO- Desktop/Collection page/color variants/green variant' is clicked on

2019-06-25 12:00:30 - [TEST_STEP][PASSED] - delay(2): Delayed 2 second(s)

2019-06-25 12:00:32 - [MESSAGE][PASSED] - Delayed 2 second(s)

2019-06-25 12:00:32 - [TEST_STEP][PASSED] - click(findTestObject("APOLLO- Desktop/Collection page/color variants/Blue variant")): Object: 'Object Repository/APOLLO- Desktop/Collection page/color variants/Blue variant' is clicked on

2019-06-25 12:00:32 - [MESSAGE][PASSED] - Object: 'Object Repository/APOLLO- Desktop/Collection page/color variants/Blue variant' is clicked on

2019-06-25 12:00:32 - [TEST_STEP][PASSED] - delay(2): Delayed 2 second(s)

2019-06-25 12:00:34 - [MESSAGE][PASSED] - Delayed 2 second(s)

2019-06-25 12:00:34 - [TEST_STEP][PASSED] - click(findTestObject("APOLLO- Desktop/Collection page/color variants/Black variant")): Object: 'Object Repository/APOLLO- Desktop/Collection page/color variants/Black variant' is clicked on

2019-06-25 12:00:34 - [MESSAGE][PASSED] - Object: 'Object Repository/APOLLO- Desktop/Collection page/color variants/Black variant' is clicked on]]></system-out>
         <system-err><![CDATA[]]></system-err>
      </testcase>
      <testcase name="Test Cases/COLLECTION PAGE/Sort" classname="Test Cases/COLLECTION PAGE/Sort" status="PASSED">
         <system-out><![CDATA[2019-06-25 12:00:34 - [TEST_CASE][PASSED] - Test Cases/COLLECTION PAGE/Sort: Test Cases/COLLECTION PAGE/Sort

2019-06-25 12:00:35 - [TEST_STEP][PASSED] - callTestCase(findTestCase("CALL - URL"), [:], STOP_ON_FAILURE): Call Test Case 'Test Cases/CALL - URL' successfully

2019-06-25 12:00:35 - [TEST_CASE][PASSED] - Test Cases/CALL - URL: Test Cases/CALL - URL

2019-06-25 12:00:35 - [TEST_STEP][PASSED] - openBrowser(""): Browser is opened with url: ''

2019-06-25 12:00:35 - [MESSAGE][WARNING] - A browser is already opened. Closing browser and opening a new one

2019-06-25 12:00:35 - [MESSAGE][INFO] - Starting 'Chrome' driver

2019-06-25 12:00:36 - [MESSAGE][PASSED] - Browser is opened with url: ''

2019-06-25 12:00:36 - [TEST_STEP][PASSED] - navigateToUrl("https://diff-apollo.myshopify.com/?key=eec34184cfd8f82cda816f82753a8c8e9e240f30cf54470e19667b8cbb401948&preview_theme_id="): Navigate to 'https://diff-apollo.myshopify.com/?key=eec34184cfd8f82cda816f82753a8c8e9e240f30cf54470e19667b8cbb401948&preview_theme_id=' successfully

2019-06-25 12:00:39 - [MESSAGE][PASSED] - Navigate to 'https://diff-apollo.myshopify.com/?key=eec34184cfd8f82cda816f82753a8c8e9e240f30cf54470e19667b8cbb401948&preview_theme_id=' successfully

2019-06-25 12:00:39 - [TEST_STEP][NOT_RUN] - executeJavaScript("var previewBar = document.getElementById("preview-bar-iframe"); previewBar.style.display = "none";", []): NOT_RUN: executeJavaScript("var previewBar = document.getElementById("preview-bar-iframe"); previewBar.style.display = "none";", [])

2019-06-25 12:00:39 - [MESSAGE][NOT_RUN] - NOT_RUN: executeJavaScript("var previewBar = document.getElementById("preview-bar-iframe"); previewBar.style.display = "none";", [])

2019-06-25 12:00:39 - [MESSAGE][PASSED] - Call Test Case 'Test Cases/CALL - URL' successfully

2019-06-25 12:00:39 - [TEST_STEP][PASSED] - delay(2): Delayed 2 second(s)

2019-06-25 12:00:41 - [MESSAGE][PASSED] - Delayed 2 second(s)

2019-06-25 12:00:41 - [TEST_STEP][PASSED] - click(findTestObject("APOLLO- Desktop/Burger Menu/Burgermenu")): Object: 'Object Repository/APOLLO- Desktop/Burger Menu/Burgermenu' is clicked on

2019-06-25 12:00:41 - [MESSAGE][PASSED] - Object: 'Object Repository/APOLLO- Desktop/Burger Menu/Burgermenu' is clicked on

2019-06-25 12:00:41 - [TEST_STEP][PASSED] - delay(2): Delayed 2 second(s)

2019-06-25 12:00:43 - [MESSAGE][PASSED] - Delayed 2 second(s)

2019-06-25 12:00:43 - [TEST_STEP][PASSED] - click(findTestObject("APOLLO- Desktop/Burger Menu/Mens chevron")): Object: 'Object Repository/APOLLO- Desktop/Burger Menu/Mens chevron' is clicked on

2019-06-25 12:00:43 - [MESSAGE][PASSED] - Object: 'Object Repository/APOLLO- Desktop/Burger Menu/Mens chevron' is clicked on

2019-06-25 12:00:43 - [TEST_STEP][PASSED] - delay(2): Delayed 2 second(s)

2019-06-25 12:00:46 - [MESSAGE][PASSED] - Delayed 2 second(s)

2019-06-25 12:00:46 - [TEST_STEP][PASSED] - click(findTestObject("APOLLO- Desktop/Burger Menu/Mens - Top Chevron")): Object: 'Object Repository/APOLLO- Desktop/Burger Menu/Mens - Top Chevron' is clicked on

2019-06-25 12:00:46 - [MESSAGE][PASSED] - Object: 'Object Repository/APOLLO- Desktop/Burger Menu/Mens - Top Chevron' is clicked on

2019-06-25 12:00:46 - [TEST_STEP][PASSED] - delay(2): Delayed 2 second(s)

2019-06-25 12:00:48 - [MESSAGE][PASSED] - Delayed 2 second(s)

2019-06-25 12:00:48 - [TEST_STEP][PASSED] - click(findTestObject("APOLLO- Desktop/Burger Menu/Shirts link")): Object: 'Object Repository/APOLLO- Desktop/Burger Menu/Shirts link' is clicked on

2019-06-25 12:00:49 - [MESSAGE][PASSED] - Object: 'Object Repository/APOLLO- Desktop/Burger Menu/Shirts link' is clicked on

2019-06-25 12:00:49 - [TEST_STEP][NOT_RUN] - executeJavaScript("var previewBar = document.getElementById("preview-bar-iframe"); previewBar.style.display = "none";", []): NOT_RUN: executeJavaScript("var previewBar = document.getElementById("preview-bar-iframe"); previewBar.style.display = "none";", [])

2019-06-25 12:00:49 - [MESSAGE][NOT_RUN] - NOT_RUN: executeJavaScript("var previewBar = document.getElementById("preview-bar-iframe"); previewBar.style.display = "none";", [])

2019-06-25 12:00:49 - [TEST_STEP][PASSED] - delay(2): Delayed 2 second(s)

2019-06-25 12:00:51 - [MESSAGE][PASSED] - Delayed 2 second(s)

2019-06-25 12:00:51 - [TEST_STEP][NOT_RUN] - executeJavaScript("var previewBar = document.getElementById("preview-bar-iframe"); previewBar.style.display = "none";", []): NOT_RUN: executeJavaScript("var previewBar = document.getElementById("preview-bar-iframe"); previewBar.style.display = "none";", [])

2019-06-25 12:00:51 - [MESSAGE][NOT_RUN] - NOT_RUN: executeJavaScript("var previewBar = document.getElementById("preview-bar-iframe"); previewBar.style.display = "none";", [])

2019-06-25 12:00:51 - [TEST_STEP][PASSED] - delay(2): Delayed 2 second(s)

2019-06-25 12:00:53 - [MESSAGE][PASSED] - Delayed 2 second(s)

2019-06-25 12:00:53 - [TEST_STEP][PASSED] - click(findTestObject("APOLLO- Desktop/Collection page/sort/Filter dropdown")): Object: 'Object Repository/APOLLO- Desktop/Collection page/sort/Filter dropdown' is clicked on

2019-06-25 12:00:53 - [MESSAGE][PASSED] - Object: 'Object Repository/APOLLO- Desktop/Collection page/sort/Filter dropdown' is clicked on

2019-06-25 12:00:53 - [TEST_STEP][PASSED] - delay(2): Delayed 2 second(s)

2019-06-25 12:00:55 - [MESSAGE][PASSED] - Delayed 2 second(s)

2019-06-25 12:00:55 - [TEST_STEP][PASSED] - click(findTestObject("APOLLO- Desktop/Collection page/sort/Featured")): Object: 'Object Repository/APOLLO- Desktop/Collection page/sort/Featured' is clicked on

2019-06-25 12:00:55 - [MESSAGE][PASSED] - Object: 'Object Repository/APOLLO- Desktop/Collection page/sort/Featured' is clicked on

2019-06-25 12:00:55 - [TEST_STEP][PASSED] - delay(2): Delayed 2 second(s)

2019-06-25 12:00:57 - [MESSAGE][PASSED] - Delayed 2 second(s)

2019-06-25 12:00:57 - [TEST_STEP][PASSED] - click(findTestObject("APOLLO- Desktop/Collection page/sort/Filter dropdown")): Object: 'Object Repository/APOLLO- Desktop/Collection page/sort/Filter dropdown' is clicked on

2019-06-25 12:00:57 - [MESSAGE][PASSED] - Object: 'Object Repository/APOLLO- Desktop/Collection page/sort/Filter dropdown' is clicked on

2019-06-25 12:00:57 - [TEST_STEP][PASSED] - delay(2): Delayed 2 second(s)

2019-06-25 12:00:59 - [MESSAGE][PASSED] - Delayed 2 second(s)

2019-06-25 12:00:59 - [TEST_STEP][PASSED] - takeScreenshot(): Taking screenshot successfully

2019-06-25 12:01:01 - [MESSAGE][PASSED] - Taking screenshot successfully
[[ATTACHMENT|/Users/sumankompelly/Katalon Studio/APOLLO/Reports/Apollo - dark build/20190625_120001/1561478459892.png]]

2019-06-25 12:01:01 - [TEST_STEP][PASSED] - delay(2): Delayed 2 second(s)

2019-06-25 12:01:03 - [MESSAGE][PASSED] - Delayed 2 second(s)

2019-06-25 12:01:03 - [TEST_STEP][PASSED] - click(findTestObject("APOLLO- Desktop/Collection page/sort/Filter dropdown")): Object: 'Object Repository/APOLLO- Desktop/Collection page/sort/Filter dropdown' is clicked on

2019-06-25 12:01:03 - [MESSAGE][PASSED] - Object: 'Object Repository/APOLLO- Desktop/Collection page/sort/Filter dropdown' is clicked on

2019-06-25 12:01:03 - [TEST_STEP][PASSED] - delay(2): Delayed 2 second(s)

2019-06-25 12:01:05 - [MESSAGE][PASSED] - Delayed 2 second(s)

2019-06-25 12:01:05 - [TEST_STEP][PASSED] - click(findTestObject("APOLLO- Desktop/Collection page/sort/Best selling")): Object: 'Object Repository/APOLLO- Desktop/Collection page/sort/Best selling' is clicked on

2019-06-25 12:01:05 - [MESSAGE][PASSED] - Object: 'Object Repository/APOLLO- Desktop/Collection page/sort/Best selling' is clicked on

2019-06-25 12:01:05 - [TEST_STEP][PASSED] - delay(2): Delayed 2 second(s)

2019-06-25 12:01:07 - [MESSAGE][PASSED] - Delayed 2 second(s)

2019-06-25 12:01:07 - [TEST_STEP][PASSED] - click(findTestObject("APOLLO- Desktop/Collection page/sort/Filter dropdown")): Object: 'Object Repository/APOLLO- Desktop/Collection page/sort/Filter dropdown' is clicked on

2019-06-25 12:01:07 - [MESSAGE][PASSED] - Object: 'Object Repository/APOLLO- Desktop/Collection page/sort/Filter dropdown' is clicked on

2019-06-25 12:01:07 - [TEST_STEP][PASSED] - delay(2): Delayed 2 second(s)

2019-06-25 12:01:09 - [MESSAGE][PASSED] - Delayed 2 second(s)

2019-06-25 12:01:09 - [TEST_STEP][PASSED] - takeScreenshot(): Taking screenshot successfully

2019-06-25 12:01:10 - [MESSAGE][PASSED] - Taking screenshot successfully
[[ATTACHMENT|/Users/sumankompelly/Katalon Studio/APOLLO/Reports/Apollo - dark build/20190625_120001/1561478469284.png]]

2019-06-25 12:01:10 - [TEST_STEP][PASSED] - delay(2): Delayed 2 second(s)

2019-06-25 12:01:12 - [MESSAGE][PASSED] - Delayed 2 second(s)

2019-06-25 12:01:12 - [TEST_STEP][PASSED] - click(findTestObject("APOLLO- Desktop/Collection page/sort/Filter dropdown")): Object: 'Object Repository/APOLLO- Desktop/Collection page/sort/Filter dropdown' is clicked on

2019-06-25 12:01:12 - [MESSAGE][PASSED] - Object: 'Object Repository/APOLLO- Desktop/Collection page/sort/Filter dropdown' is clicked on

2019-06-25 12:01:12 - [TEST_STEP][PASSED] - delay(2): Delayed 2 second(s)

2019-06-25 12:01:14 - [MESSAGE][PASSED] - Delayed 2 second(s)

2019-06-25 12:01:14 - [TEST_STEP][PASSED] - click(findTestObject("APOLLO- Desktop/Collection page/sort/Alphabetically A-Z")): Object: 'Object Repository/APOLLO- Desktop/Collection page/sort/Alphabetically A-Z' is clicked on

2019-06-25 12:01:14 - [MESSAGE][PASSED] - Object: 'Object Repository/APOLLO- Desktop/Collection page/sort/Alphabetically A-Z' is clicked on

2019-06-25 12:01:14 - [TEST_STEP][PASSED] - delay(2): Delayed 2 second(s)

2019-06-25 12:01:16 - [MESSAGE][PASSED] - Delayed 2 second(s)

2019-06-25 12:01:16 - [TEST_STEP][PASSED] - click(findTestObject("APOLLO- Desktop/Collection page/sort/Filter dropdown")): Object: 'Object Repository/APOLLO- Desktop/Collection page/sort/Filter dropdown' is clicked on

2019-06-25 12:01:16 - [MESSAGE][PASSED] - Object: 'Object Repository/APOLLO- Desktop/Collection page/sort/Filter dropdown' is clicked on

2019-06-25 12:01:16 - [TEST_STEP][PASSED] - delay(2): Delayed 2 second(s)

2019-06-25 12:01:18 - [MESSAGE][PASSED] - Delayed 2 second(s)

2019-06-25 12:01:18 - [TEST_STEP][PASSED] - takeScreenshot(): Taking screenshot successfully

2019-06-25 12:01:19 - [MESSAGE][PASSED] - Taking screenshot successfully
[[ATTACHMENT|/Users/sumankompelly/Katalon Studio/APOLLO/Reports/Apollo - dark build/20190625_120001/1561478478623.png]]

2019-06-25 12:01:19 - [TEST_STEP][PASSED] - delay(2): Delayed 2 second(s)

2019-06-25 12:01:21 - [MESSAGE][PASSED] - Delayed 2 second(s)

2019-06-25 12:01:21 - [TEST_STEP][PASSED] - click(findTestObject("APOLLO- Desktop/Collection page/sort/Filter dropdown")): Object: 'Object Repository/APOLLO- Desktop/Collection page/sort/Filter dropdown' is clicked on

2019-06-25 12:01:21 - [MESSAGE][PASSED] - Object: 'Object Repository/APOLLO- Desktop/Collection page/sort/Filter dropdown' is clicked on

2019-06-25 12:01:21 - [TEST_STEP][PASSED] - delay(2): Delayed 2 second(s)

2019-06-25 12:01:23 - [MESSAGE][PASSED] - Delayed 2 second(s)

2019-06-25 12:01:23 - [TEST_STEP][PASSED] - click(findTestObject("APOLLO- Desktop/Collection page/sort/Alphabetically Z-A")): Object: 'Object Repository/APOLLO- Desktop/Collection page/sort/Alphabetically Z-A' is clicked on

2019-06-25 12:01:23 - [MESSAGE][PASSED] - Object: 'Object Repository/APOLLO- Desktop/Collection page/sort/Alphabetically Z-A' is clicked on

2019-06-25 12:01:23 - [TEST_STEP][PASSED] - delay(2): Delayed 2 second(s)

2019-06-25 12:01:25 - [MESSAGE][PASSED] - Delayed 2 second(s)

2019-06-25 12:01:25 - [TEST_STEP][PASSED] - click(findTestObject("APOLLO- Desktop/Collection page/sort/Filter dropdown")): Object: 'Object Repository/APOLLO- Desktop/Collection page/sort/Filter dropdown' is clicked on

2019-06-25 12:01:25 - [MESSAGE][PASSED] - Object: 'Object Repository/APOLLO- Desktop/Collection page/sort/Filter dropdown' is clicked on

2019-06-25 12:01:25 - [TEST_STEP][PASSED] - delay(2): Delayed 2 second(s)

2019-06-25 12:01:27 - [MESSAGE][PASSED] - Delayed 2 second(s)

2019-06-25 12:01:27 - [TEST_STEP][PASSED] - takeScreenshot(): Taking screenshot successfully

2019-06-25 12:01:28 - [MESSAGE][PASSED] - Taking screenshot successfully
[[ATTACHMENT|/Users/sumankompelly/Katalon Studio/APOLLO/Reports/Apollo - dark build/20190625_120001/1561478487910.png]]

2019-06-25 12:01:28 - [TEST_STEP][PASSED] - delay(2): Delayed 2 second(s)

2019-06-25 12:01:30 - [MESSAGE][PASSED] - Delayed 2 second(s)

2019-06-25 12:01:30 - [TEST_STEP][PASSED] - click(findTestObject("APOLLO- Desktop/Collection page/sort/Filter dropdown")): Object: 'Object Repository/APOLLO- Desktop/Collection page/sort/Filter dropdown' is clicked on

2019-06-25 12:01:30 - [MESSAGE][PASSED] - Object: 'Object Repository/APOLLO- Desktop/Collection page/sort/Filter dropdown' is clicked on

2019-06-25 12:01:30 - [TEST_STEP][PASSED] - delay(2): Delayed 2 second(s)

2019-06-25 12:01:32 - [MESSAGE][PASSED] - Delayed 2 second(s)

2019-06-25 12:01:32 - [TEST_STEP][PASSED] - click(findTestObject("APOLLO- Desktop/Collection page/sort/Price-Low to high")): Object: 'Object Repository/APOLLO- Desktop/Collection page/sort/Price-Low to high' is clicked on

2019-06-25 12:01:33 - [MESSAGE][PASSED] - Object: 'Object Repository/APOLLO- Desktop/Collection page/sort/Price-Low to high' is clicked on

2019-06-25 12:01:33 - [TEST_STEP][PASSED] - delay(2): Delayed 2 second(s)

2019-06-25 12:01:35 - [MESSAGE][PASSED] - Delayed 2 second(s)

2019-06-25 12:01:35 - [TEST_STEP][PASSED] - click(findTestObject("APOLLO- Desktop/Collection page/sort/Filter dropdown")): Object: 'Object Repository/APOLLO- Desktop/Collection page/sort/Filter dropdown' is clicked on

2019-06-25 12:01:35 - [MESSAGE][PASSED] - Object: 'Object Repository/APOLLO- Desktop/Collection page/sort/Filter dropdown' is clicked on

2019-06-25 12:01:35 - [TEST_STEP][PASSED] - delay(2): Delayed 2 second(s)

2019-06-25 12:01:37 - [MESSAGE][PASSED] - Delayed 2 second(s)

2019-06-25 12:01:37 - [TEST_STEP][PASSED] - takeScreenshot(): Taking screenshot successfully

2019-06-25 12:01:37 - [MESSAGE][PASSED] - Taking screenshot successfully
[[ATTACHMENT|/Users/sumankompelly/Katalon Studio/APOLLO/Reports/Apollo - dark build/20190625_120001/1561478497076.png]]

2019-06-25 12:01:37 - [TEST_STEP][PASSED] - delay(2): Delayed 2 second(s)

2019-06-25 12:01:39 - [MESSAGE][PASSED] - Delayed 2 second(s)

2019-06-25 12:01:39 - [TEST_STEP][PASSED] - click(findTestObject("APOLLO- Desktop/Collection page/sort/Filter dropdown")): Object: 'Object Repository/APOLLO- Desktop/Collection page/sort/Filter dropdown' is clicked on

2019-06-25 12:01:40 - [MESSAGE][PASSED] - Object: 'Object Repository/APOLLO- Desktop/Collection page/sort/Filter dropdown' is clicked on

2019-06-25 12:01:40 - [TEST_STEP][PASSED] - delay(2): Delayed 2 second(s)

2019-06-25 12:01:42 - [MESSAGE][PASSED] - Delayed 2 second(s)

2019-06-25 12:01:42 - [TEST_STEP][PASSED] - click(findTestObject("APOLLO- Desktop/Collection page/sort/price-High to low")): Object: 'Object Repository/APOLLO- Desktop/Collection page/sort/price-High to low' is clicked on

2019-06-25 12:01:42 - [MESSAGE][PASSED] - Object: 'Object Repository/APOLLO- Desktop/Collection page/sort/price-High to low' is clicked on

2019-06-25 12:01:42 - [TEST_STEP][PASSED] - delay(2): Delayed 2 second(s)

2019-06-25 12:01:44 - [MESSAGE][PASSED] - Delayed 2 second(s)

2019-06-25 12:01:44 - [TEST_STEP][PASSED] - click(findTestObject("APOLLO- Desktop/Collection page/sort/Filter dropdown")): Object: 'Object Repository/APOLLO- Desktop/Collection page/sort/Filter dropdown' is clicked on

2019-06-25 12:01:44 - [MESSAGE][PASSED] - Object: 'Object Repository/APOLLO- Desktop/Collection page/sort/Filter dropdown' is clicked on

2019-06-25 12:01:44 - [TEST_STEP][PASSED] - delay(2): Delayed 2 second(s)

2019-06-25 12:01:46 - [MESSAGE][PASSED] - Delayed 2 second(s)

2019-06-25 12:01:46 - [TEST_STEP][PASSED] - takeScreenshot(): Taking screenshot successfully

2019-06-25 12:01:46 - [MESSAGE][PASSED] - Taking screenshot successfully
[[ATTACHMENT|/Users/sumankompelly/Katalon Studio/APOLLO/Reports/Apollo - dark build/20190625_120001/1561478506147.png]]

2019-06-25 12:01:46 - [TEST_STEP][PASSED] - delay(2): Delayed 2 second(s)

2019-06-25 12:01:48 - [MESSAGE][PASSED] - Delayed 2 second(s)

2019-06-25 12:01:48 - [TEST_STEP][PASSED] - click(findTestObject("APOLLO- Desktop/Collection page/sort/Filter dropdown")): Object: 'Object Repository/APOLLO- Desktop/Collection page/sort/Filter dropdown' is clicked on

2019-06-25 12:01:48 - [MESSAGE][PASSED] - Object: 'Object Repository/APOLLO- Desktop/Collection page/sort/Filter dropdown' is clicked on

2019-06-25 12:01:48 - [TEST_STEP][PASSED] - delay(2): Delayed 2 second(s)

2019-06-25 12:01:51 - [MESSAGE][PASSED] - Delayed 2 second(s)

2019-06-25 12:01:51 - [TEST_STEP][PASSED] - click(findTestObject("APOLLO- Desktop/Collection page/sort/Date - old to new")): Object: 'Object Repository/APOLLO- Desktop/Collection page/sort/Date - old to new' is clicked on

2019-06-25 12:01:51 - [MESSAGE][PASSED] - Object: 'Object Repository/APOLLO- Desktop/Collection page/sort/Date - old to new' is clicked on

2019-06-25 12:01:51 - [TEST_STEP][PASSED] - delay(3): Delayed 3 second(s)

2019-06-25 12:01:54 - [MESSAGE][PASSED] - Delayed 3 second(s)

2019-06-25 12:01:54 - [TEST_STEP][PASSED] - click(findTestObject("APOLLO- Desktop/Collection page/sort/Filter dropdown")): Object: 'Object Repository/APOLLO- Desktop/Collection page/sort/Filter dropdown' is clicked on

2019-06-25 12:01:54 - [MESSAGE][PASSED] - Object: 'Object Repository/APOLLO- Desktop/Collection page/sort/Filter dropdown' is clicked on

2019-06-25 12:01:54 - [TEST_STEP][PASSED] - delay(2): Delayed 2 second(s)

2019-06-25 12:01:56 - [MESSAGE][PASSED] - Delayed 2 second(s)

2019-06-25 12:01:56 - [TEST_STEP][PASSED] - takeScreenshot(): Taking screenshot successfully

2019-06-25 12:01:56 - [MESSAGE][PASSED] - Taking screenshot successfully
[[ATTACHMENT|/Users/sumankompelly/Katalon Studio/APOLLO/Reports/Apollo - dark build/20190625_120001/1561478516155.png]]

2019-06-25 12:01:56 - [TEST_STEP][PASSED] - delay(2): Delayed 2 second(s)

2019-06-25 12:01:58 - [MESSAGE][PASSED] - Delayed 2 second(s)

2019-06-25 12:01:58 - [TEST_STEP][PASSED] - click(findTestObject("APOLLO- Desktop/Collection page/sort/Filter dropdown")): Object: 'Object Repository/APOLLO- Desktop/Collection page/sort/Filter dropdown' is clicked on

2019-06-25 12:01:58 - [MESSAGE][PASSED] - Object: 'Object Repository/APOLLO- Desktop/Collection page/sort/Filter dropdown' is clicked on

2019-06-25 12:01:58 - [TEST_STEP][PASSED] - delay(2): Delayed 2 second(s)

2019-06-25 12:02:00 - [MESSAGE][PASSED] - Delayed 2 second(s)

2019-06-25 12:02:00 - [TEST_STEP][PASSED] - click(findTestObject("APOLLO- Desktop/Collection page/sort/Date- new to old")): Object: 'Object Repository/APOLLO- Desktop/Collection page/sort/Date- new to old' is clicked on

2019-06-25 12:02:01 - [MESSAGE][PASSED] - Object: 'Object Repository/APOLLO- Desktop/Collection page/sort/Date- new to old' is clicked on

2019-06-25 12:02:01 - [TEST_STEP][PASSED] - delay(2): Delayed 2 second(s)

2019-06-25 12:02:03 - [MESSAGE][PASSED] - Delayed 2 second(s)

2019-06-25 12:02:03 - [TEST_STEP][PASSED] - click(findTestObject("APOLLO- Desktop/Collection page/sort/Filter dropdown")): Object: 'Object Repository/APOLLO- Desktop/Collection page/sort/Filter dropdown' is clicked on

2019-06-25 12:02:03 - [MESSAGE][PASSED] - Object: 'Object Repository/APOLLO- Desktop/Collection page/sort/Filter dropdown' is clicked on

2019-06-25 12:02:03 - [TEST_STEP][PASSED] - takeScreenshot(): Taking screenshot successfully

2019-06-25 12:02:04 - [MESSAGE][PASSED] - Taking screenshot successfully
[[ATTACHMENT|/Users/sumankompelly/Katalon Studio/APOLLO/Reports/Apollo - dark build/20190625_120001/1561478523083.png]]

2019-06-25 12:02:04 - [TEST_STEP][PASSED] - delay(2): Delayed 2 second(s)

2019-06-25 12:02:06 - [MESSAGE][PASSED] - Delayed 2 second(s)]]></system-out>
         <system-err><![CDATA[]]></system-err>
      </testcase>
      <testcase name="Test Cases/COLLECTION PAGE/Prouducts layout style" classname="Test Cases/COLLECTION PAGE/Prouducts layout style" status="PASSED">
         <system-out><![CDATA[2019-06-25 12:02:06 - [TEST_CASE][PASSED] - Test Cases/COLLECTION PAGE/Prouducts layout style: Test Cases/COLLECTION PAGE/Prouducts layout style

2019-06-25 12:02:06 - [TEST_STEP][PASSED] - callTestCase(findTestCase("CALL - URL"), [:], STOP_ON_FAILURE): Call Test Case 'Test Cases/CALL - URL' successfully

2019-06-25 12:02:06 - [TEST_CASE][PASSED] - Test Cases/CALL - URL: Test Cases/CALL - URL

2019-06-25 12:02:06 - [TEST_STEP][PASSED] - openBrowser(""): Browser is opened with url: ''

2019-06-25 12:02:06 - [MESSAGE][WARNING] - A browser is already opened. Closing browser and opening a new one

2019-06-25 12:02:06 - [MESSAGE][INFO] - Starting 'Chrome' driver

2019-06-25 12:02:07 - [MESSAGE][PASSED] - Browser is opened with url: ''

2019-06-25 12:02:07 - [TEST_STEP][PASSED] - navigateToUrl("https://diff-apollo.myshopify.com/?key=eec34184cfd8f82cda816f82753a8c8e9e240f30cf54470e19667b8cbb401948&preview_theme_id="): Navigate to 'https://diff-apollo.myshopify.com/?key=eec34184cfd8f82cda816f82753a8c8e9e240f30cf54470e19667b8cbb401948&preview_theme_id=' successfully

2019-06-25 12:02:10 - [MESSAGE][PASSED] - Navigate to 'https://diff-apollo.myshopify.com/?key=eec34184cfd8f82cda816f82753a8c8e9e240f30cf54470e19667b8cbb401948&preview_theme_id=' successfully

2019-06-25 12:02:10 - [TEST_STEP][NOT_RUN] - executeJavaScript("var previewBar = document.getElementById("preview-bar-iframe"); previewBar.style.display = "none";", []): NOT_RUN: executeJavaScript("var previewBar = document.getElementById("preview-bar-iframe"); previewBar.style.display = "none";", [])

2019-06-25 12:02:10 - [MESSAGE][NOT_RUN] - NOT_RUN: executeJavaScript("var previewBar = document.getElementById("preview-bar-iframe"); previewBar.style.display = "none";", [])

2019-06-25 12:02:10 - [MESSAGE][PASSED] - Call Test Case 'Test Cases/CALL - URL' successfully

2019-06-25 12:02:10 - [TEST_STEP][PASSED] - delay(2): Delayed 2 second(s)

2019-06-25 12:02:12 - [MESSAGE][PASSED] - Delayed 2 second(s)

2019-06-25 12:02:12 - [TEST_STEP][PASSED] - click(findTestObject("APOLLO- Desktop/Burger Menu/Burgermenu")): Object: 'Object Repository/APOLLO- Desktop/Burger Menu/Burgermenu' is clicked on

2019-06-25 12:02:12 - [MESSAGE][PASSED] - Object: 'Object Repository/APOLLO- Desktop/Burger Menu/Burgermenu' is clicked on

2019-06-25 12:02:12 - [TEST_STEP][PASSED] - delay(2): Delayed 2 second(s)

2019-06-25 12:02:14 - [MESSAGE][PASSED] - Delayed 2 second(s)

2019-06-25 12:02:14 - [TEST_STEP][PASSED] - click(findTestObject("APOLLO- Desktop/Burger Menu/Mens chevron")): Object: 'Object Repository/APOLLO- Desktop/Burger Menu/Mens chevron' is clicked on

2019-06-25 12:02:14 - [MESSAGE][PASSED] - Object: 'Object Repository/APOLLO- Desktop/Burger Menu/Mens chevron' is clicked on

2019-06-25 12:02:14 - [TEST_STEP][PASSED] - delay(2): Delayed 2 second(s)

2019-06-25 12:02:16 - [MESSAGE][PASSED] - Delayed 2 second(s)

2019-06-25 12:02:16 - [TEST_STEP][PASSED] - click(findTestObject("APOLLO- Desktop/Burger Menu/Mens - Top Chevron")): Object: 'Object Repository/APOLLO- Desktop/Burger Menu/Mens - Top Chevron' is clicked on

2019-06-25 12:02:16 - [MESSAGE][PASSED] - Object: 'Object Repository/APOLLO- Desktop/Burger Menu/Mens - Top Chevron' is clicked on

2019-06-25 12:02:16 - [TEST_STEP][PASSED] - delay(2): Delayed 2 second(s)

2019-06-25 12:02:18 - [MESSAGE][PASSED] - Delayed 2 second(s)

2019-06-25 12:02:18 - [TEST_STEP][PASSED] - click(findTestObject("APOLLO- Desktop/Burger Menu/Shirts link")): Object: 'Object Repository/APOLLO- Desktop/Burger Menu/Shirts link' is clicked on

2019-06-25 12:02:19 - [MESSAGE][PASSED] - Object: 'Object Repository/APOLLO- Desktop/Burger Menu/Shirts link' is clicked on

2019-06-25 12:02:19 - [TEST_STEP][NOT_RUN] - executeJavaScript("var previewBar = document.getElementById("preview-bar-iframe"); previewBar.style.display = "none";", []): NOT_RUN: executeJavaScript("var previewBar = document.getElementById("preview-bar-iframe"); previewBar.style.display = "none";", [])

2019-06-25 12:02:19 - [MESSAGE][NOT_RUN] - NOT_RUN: executeJavaScript("var previewBar = document.getElementById("preview-bar-iframe"); previewBar.style.display = "none";", [])

2019-06-25 12:02:19 - [TEST_STEP][PASSED] - delay(2): Delayed 2 second(s)

2019-06-25 12:02:21 - [MESSAGE][PASSED] - Delayed 2 second(s)

2019-06-25 12:02:21 - [TEST_STEP][NOT_RUN] - executeJavaScript("var previewBar = document.getElementById("preview-bar-iframe"); previewBar.style.display = "none";", []): NOT_RUN: executeJavaScript("var previewBar = document.getElementById("preview-bar-iframe"); previewBar.style.display = "none";", [])

2019-06-25 12:02:21 - [MESSAGE][NOT_RUN] - NOT_RUN: executeJavaScript("var previewBar = document.getElementById("preview-bar-iframe"); previewBar.style.display = "none";", [])

2019-06-25 12:02:21 - [TEST_STEP][PASSED] - delay(2): Delayed 2 second(s)

2019-06-25 12:02:23 - [MESSAGE][PASSED] - Delayed 2 second(s)

2019-06-25 12:02:23 - [TEST_STEP][PASSED] - click(findTestObject("APOLLO- Desktop/Collection page/layout less")): Object: 'Object Repository/APOLLO- Desktop/Collection page/layout less' is clicked on

2019-06-25 12:02:24 - [MESSAGE][PASSED] - Object: 'Object Repository/APOLLO- Desktop/Collection page/layout less' is clicked on

2019-06-25 12:02:24 - [TEST_STEP][PASSED] - delay(2): Delayed 2 second(s)

2019-06-25 12:02:26 - [MESSAGE][PASSED] - Delayed 2 second(s)

2019-06-25 12:02:26 - [TEST_STEP][PASSED] - a = getPageHeight(): Current page's height is 4180

2019-06-25 12:02:26 - [MESSAGE][PASSED] - Current page's height is 4180

2019-06-25 12:02:26 - [TEST_STEP][PASSED] - comment("a=" + a): a=4180

2019-06-25 12:02:26 - [MESSAGE][INFO] - a=4180

2019-06-25 12:02:26 - [TEST_STEP][PASSED] - delay(2): Delayed 2 second(s)

2019-06-25 12:02:28 - [MESSAGE][PASSED] - Delayed 2 second(s)

2019-06-25 12:02:28 - [TEST_STEP][PASSED] - click(findTestObject("APOLLO- Desktop/Collection page/layout more")): Object: 'Object Repository/APOLLO- Desktop/Collection page/layout more' is clicked on

2019-06-25 12:02:29 - [MESSAGE][PASSED] - Object: 'Object Repository/APOLLO- Desktop/Collection page/layout more' is clicked on

2019-06-25 12:02:29 - [TEST_STEP][PASSED] - delay(2): Delayed 2 second(s)

2019-06-25 12:02:31 - [MESSAGE][PASSED] - Delayed 2 second(s)

2019-06-25 12:02:31 - [TEST_STEP][PASSED] - b = getPageHeight(): Current page's height is 2056

2019-06-25 12:02:31 - [MESSAGE][PASSED] - Current page's height is 2056

2019-06-25 12:02:31 - [TEST_STEP][PASSED] - comment("b=" + b): b=2056

2019-06-25 12:02:31 - [MESSAGE][INFO] - b=2056

2019-06-25 12:02:31 - [TEST_STEP][PASSED] - verifyLessThan(b, a): Actual number '2,056' is less than expected number '4,180'

2019-06-25 12:02:31 - [MESSAGE][PASSED] - Actual number '2,056' is less than expected number '4,180']]></system-out>
         <system-err><![CDATA[]]></system-err>
      </testcase>
      <testcase name="Test Cases/COLLECTION PAGE/Filter" classname="Test Cases/COLLECTION PAGE/Filter" status="PASSED">
         <system-out><![CDATA[2019-06-25 12:02:31 - [TEST_CASE][PASSED] - Test Cases/COLLECTION PAGE/Filter: Test Cases/COLLECTION PAGE/Filter

2019-06-25 12:02:31 - [TEST_STEP][PASSED] - callTestCase(findTestCase("CALL - URL"), [:], STOP_ON_FAILURE): Call Test Case 'Test Cases/CALL - URL' successfully

2019-06-25 12:02:31 - [TEST_CASE][PASSED] - Test Cases/CALL - URL: Test Cases/CALL - URL

2019-06-25 12:02:31 - [TEST_STEP][PASSED] - openBrowser(""): Browser is opened with url: ''

2019-06-25 12:02:31 - [MESSAGE][WARNING] - A browser is already opened. Closing browser and opening a new one

2019-06-25 12:02:32 - [MESSAGE][INFO] - Starting 'Chrome' driver

2019-06-25 12:02:33 - [MESSAGE][PASSED] - Browser is opened with url: ''

2019-06-25 12:02:33 - [TEST_STEP][PASSED] - navigateToUrl("https://diff-apollo.myshopify.com/?key=eec34184cfd8f82cda816f82753a8c8e9e240f30cf54470e19667b8cbb401948&preview_theme_id="): Navigate to 'https://diff-apollo.myshopify.com/?key=eec34184cfd8f82cda816f82753a8c8e9e240f30cf54470e19667b8cbb401948&preview_theme_id=' successfully

2019-06-25 12:02:35 - [MESSAGE][PASSED] - Navigate to 'https://diff-apollo.myshopify.com/?key=eec34184cfd8f82cda816f82753a8c8e9e240f30cf54470e19667b8cbb401948&preview_theme_id=' successfully

2019-06-25 12:02:35 - [TEST_STEP][NOT_RUN] - executeJavaScript("var previewBar = document.getElementById("preview-bar-iframe"); previewBar.style.display = "none";", []): NOT_RUN: executeJavaScript("var previewBar = document.getElementById("preview-bar-iframe"); previewBar.style.display = "none";", [])

2019-06-25 12:02:35 - [MESSAGE][NOT_RUN] - NOT_RUN: executeJavaScript("var previewBar = document.getElementById("preview-bar-iframe"); previewBar.style.display = "none";", [])

2019-06-25 12:02:35 - [MESSAGE][PASSED] - Call Test Case 'Test Cases/CALL - URL' successfully

2019-06-25 12:02:35 - [TEST_STEP][PASSED] - delay(2): Delayed 2 second(s)

2019-06-25 12:02:37 - [MESSAGE][PASSED] - Delayed 2 second(s)

2019-06-25 12:02:37 - [TEST_STEP][PASSED] - click(findTestObject("APOLLO- Desktop/Burger Menu/Burgermenu")): Object: 'Object Repository/APOLLO- Desktop/Burger Menu/Burgermenu' is clicked on

2019-06-25 12:02:37 - [MESSAGE][PASSED] - Object: 'Object Repository/APOLLO- Desktop/Burger Menu/Burgermenu' is clicked on

2019-06-25 12:02:37 - [TEST_STEP][PASSED] - delay(2): Delayed 2 second(s)

2019-06-25 12:02:39 - [MESSAGE][PASSED] - Delayed 2 second(s)

2019-06-25 12:02:39 - [TEST_STEP][PASSED] - click(findTestObject("APOLLO- Desktop/Burger Menu/Mens chevron")): Object: 'Object Repository/APOLLO- Desktop/Burger Menu/Mens chevron' is clicked on

2019-06-25 12:02:40 - [MESSAGE][PASSED] - Object: 'Object Repository/APOLLO- Desktop/Burger Menu/Mens chevron' is clicked on

2019-06-25 12:02:40 - [TEST_STEP][PASSED] - delay(2): Delayed 2 second(s)

2019-06-25 12:02:42 - [MESSAGE][PASSED] - Delayed 2 second(s)

2019-06-25 12:02:42 - [TEST_STEP][PASSED] - click(findTestObject("APOLLO- Desktop/Burger Menu/Mens - Top Chevron")): Object: 'Object Repository/APOLLO- Desktop/Burger Menu/Mens - Top Chevron' is clicked on

2019-06-25 12:02:42 - [MESSAGE][PASSED] - Object: 'Object Repository/APOLLO- Desktop/Burger Menu/Mens - Top Chevron' is clicked on

2019-06-25 12:02:42 - [TEST_STEP][PASSED] - delay(2): Delayed 2 second(s)

2019-06-25 12:02:44 - [MESSAGE][PASSED] - Delayed 2 second(s)

2019-06-25 12:02:44 - [TEST_STEP][PASSED] - click(findTestObject("APOLLO- Desktop/Burger Menu/Shirts link")): Object: 'Object Repository/APOLLO- Desktop/Burger Menu/Shirts link' is clicked on

2019-06-25 12:02:44 - [MESSAGE][PASSED] - Object: 'Object Repository/APOLLO- Desktop/Burger Menu/Shirts link' is clicked on

2019-06-25 12:02:44 - [TEST_STEP][NOT_RUN] - executeJavaScript("var previewBar = document.getElementById("preview-bar-iframe"); previewBar.style.display = "none";", []): NOT_RUN: executeJavaScript("var previewBar = document.getElementById("preview-bar-iframe"); previewBar.style.display = "none";", [])

2019-06-25 12:02:44 - [MESSAGE][NOT_RUN] - NOT_RUN: executeJavaScript("var previewBar = document.getElementById("preview-bar-iframe"); previewBar.style.display = "none";", [])

2019-06-25 12:02:44 - [TEST_STEP][PASSED] - delay(2): Delayed 2 second(s)

2019-06-25 12:02:46 - [MESSAGE][PASSED] - Delayed 2 second(s)

2019-06-25 12:02:46 - [TEST_STEP][NOT_RUN] - executeJavaScript("var previewBar = document.getElementById("preview-bar-iframe"); previewBar.style.display = "none";", []): NOT_RUN: executeJavaScript("var previewBar = document.getElementById("preview-bar-iframe"); previewBar.style.display = "none";", [])

2019-06-25 12:02:46 - [MESSAGE][NOT_RUN] - NOT_RUN: executeJavaScript("var previewBar = document.getElementById("preview-bar-iframe"); previewBar.style.display = "none";", [])

2019-06-25 12:02:46 - [TEST_STEP][PASSED] - delay(2): Delayed 2 second(s)

2019-06-25 12:02:48 - [MESSAGE][PASSED] - Delayed 2 second(s)

2019-06-25 12:02:48 - [TEST_STEP][PASSED] - click(findTestObject("APOLLO- Desktop/Collection page/Filter/Filter dropdown")): Object: 'Object Repository/APOLLO- Desktop/Collection page/Filter/Filter dropdown' is clicked on

2019-06-25 12:02:48 - [MESSAGE][PASSED] - Object: 'Object Repository/APOLLO- Desktop/Collection page/Filter/Filter dropdown' is clicked on

2019-06-25 12:02:48 - [TEST_STEP][PASSED] - delay(2): Delayed 2 second(s)

2019-06-25 12:02:50 - [MESSAGE][PASSED] - Delayed 2 second(s)

2019-06-25 12:02:50 - [TEST_STEP][PASSED] - click(findTestObject("APOLLO- Desktop/Collection page/Filter/a_Small")): Object: 'Object Repository/APOLLO- Desktop/Collection page/Filter/a_Small' is clicked on

2019-06-25 12:02:50 - [MESSAGE][PASSED] - Object: 'Object Repository/APOLLO- Desktop/Collection page/Filter/a_Small' is clicked on

2019-06-25 12:02:50 - [TEST_STEP][PASSED] - delay(2): Delayed 2 second(s)

2019-06-25 12:02:52 - [MESSAGE][PASSED] - Delayed 2 second(s)

2019-06-25 12:02:52 - [TEST_STEP][PASSED] - click(findTestObject("APOLLO- Desktop/Collection page/Filter/Filter dropdown")): Object: 'Object Repository/APOLLO- Desktop/Collection page/Filter/Filter dropdown' is clicked on

2019-06-25 12:02:52 - [MESSAGE][PASSED] - Object: 'Object Repository/APOLLO- Desktop/Collection page/Filter/Filter dropdown' is clicked on

2019-06-25 12:02:52 - [TEST_STEP][PASSED] - delay(2): Delayed 2 second(s)

2019-06-25 12:02:54 - [MESSAGE][PASSED] - Delayed 2 second(s)

2019-06-25 12:02:54 - [TEST_STEP][PASSED] - click(findTestObject("APOLLO- Desktop/Collection page/Filter/Color dropdown")): Object: 'Object Repository/APOLLO- Desktop/Collection page/Filter/Color dropdown' is clicked on

2019-06-25 12:02:54 - [MESSAGE][PASSED] - Object: 'Object Repository/APOLLO- Desktop/Collection page/Filter/Color dropdown' is clicked on

2019-06-25 12:02:54 - [TEST_STEP][PASSED] - delay(2): Delayed 2 second(s)

2019-06-25 12:02:56 - [MESSAGE][PASSED] - Delayed 2 second(s)

2019-06-25 12:02:56 - [TEST_STEP][PASSED] - click(findTestObject("APOLLO- Desktop/Collection page/Filter/a_Red")): Object: 'Object Repository/APOLLO- Desktop/Collection page/Filter/a_Red' is clicked on

2019-06-25 12:02:57 - [MESSAGE][PASSED] - Object: 'Object Repository/APOLLO- Desktop/Collection page/Filter/a_Red' is clicked on

2019-06-25 12:02:57 - [TEST_STEP][PASSED] - delay(2): Delayed 2 second(s)

2019-06-25 12:02:59 - [MESSAGE][PASSED] - Delayed 2 second(s)

2019-06-25 12:02:59 - [TEST_STEP][PASSED] - click(findTestObject("APOLLO- Desktop/Collection page/Filter/Color dropdown")): Object: 'Object Repository/APOLLO- Desktop/Collection page/Filter/Color dropdown' is clicked on

2019-06-25 12:02:59 - [MESSAGE][PASSED] - Object: 'Object Repository/APOLLO- Desktop/Collection page/Filter/Color dropdown' is clicked on

2019-06-25 12:02:59 - [TEST_STEP][PASSED] - delay(2): Delayed 2 second(s)

2019-06-25 12:03:01 - [MESSAGE][PASSED] - Delayed 2 second(s)

2019-06-25 12:03:01 - [TEST_STEP][PASSED] - a = getText(findTestObject("APOLLO- Desktop/Collection page/Filter/Filtered count")): Text of object 'Object Repository/APOLLO- Desktop/Collection page/Filter/Filtered count' is: '2'

2019-06-25 12:03:01 - [MESSAGE][PASSED] - Text of object 'Object Repository/APOLLO- Desktop/Collection page/Filter/Filtered count' is: '2'

2019-06-25 12:03:01 - [TEST_STEP][PASSED] - delay(2): Delayed 2 second(s)

2019-06-25 12:03:03 - [MESSAGE][PASSED] - Delayed 2 second(s)

2019-06-25 12:03:03 - [TEST_STEP][PASSED] - comment("a=" + a): a=2

2019-06-25 12:03:03 - [MESSAGE][INFO] - a=2

2019-06-25 12:03:03 - [TEST_STEP][PASSED] - b = 0: null

2019-06-25 12:03:03 - [TEST_STEP][PASSED] - verifyNotEqual("a", "b"): Actual object 'a' and expected object 'b' are not equal

2019-06-25 12:03:03 - [MESSAGE][PASSED] - Actual object 'a' and expected object 'b' are not equal

2019-06-25 12:03:03 - [TEST_STEP][PASSED] - delay(2): Delayed 2 second(s)

2019-06-25 12:03:05 - [MESSAGE][PASSED] - Delayed 2 second(s)

2019-06-25 12:03:05 - [TEST_STEP][PASSED] - click(findTestObject("APOLLO- Desktop/Collection page/Filter/Color dropdown")): Object: 'Object Repository/APOLLO- Desktop/Collection page/Filter/Color dropdown' is clicked on

2019-06-25 12:03:05 - [MESSAGE][PASSED] - Object: 'Object Repository/APOLLO- Desktop/Collection page/Filter/Color dropdown' is clicked on

2019-06-25 12:03:05 - [TEST_STEP][PASSED] - delay(2): Delayed 2 second(s)

2019-06-25 12:03:07 - [MESSAGE][PASSED] - Delayed 2 second(s)

2019-06-25 12:03:07 - [TEST_STEP][PASSED] - click(findTestObject("APOLLO- Desktop/Collection page/Filter/a_Green")): Object: 'Object Repository/APOLLO- Desktop/Collection page/Filter/a_Green' is clicked on

2019-06-25 12:03:07 - [MESSAGE][PASSED] - Object: 'Object Repository/APOLLO- Desktop/Collection page/Filter/a_Green' is clicked on

2019-06-25 12:03:07 - [TEST_STEP][PASSED] - delay(2): Delayed 2 second(s)

2019-06-25 12:03:09 - [MESSAGE][PASSED] - Delayed 2 second(s)

2019-06-25 12:03:09 - [TEST_STEP][PASSED] - click(findTestObject("APOLLO- Desktop/Collection page/Filter/Color dropdown")): Object: 'Object Repository/APOLLO- Desktop/Collection page/Filter/Color dropdown' is clicked on

2019-06-25 12:03:09 - [MESSAGE][PASSED] - Object: 'Object Repository/APOLLO- Desktop/Collection page/Filter/Color dropdown' is clicked on

2019-06-25 12:03:09 - [TEST_STEP][PASSED] - delay(2): Delayed 2 second(s)

2019-06-25 12:03:11 - [MESSAGE][PASSED] - Delayed 2 second(s)

2019-06-25 12:03:11 - [TEST_STEP][PASSED] - a1 = getText(findTestObject("APOLLO- Desktop/Collection page/Filter/Filtered count")): Text of object 'Object Repository/APOLLO- Desktop/Collection page/Filter/Filtered count' is: '2'

2019-06-25 12:03:11 - [MESSAGE][PASSED] - Text of object 'Object Repository/APOLLO- Desktop/Collection page/Filter/Filtered count' is: '2'

2019-06-25 12:03:11 - [TEST_STEP][PASSED] - delay(2): Delayed 2 second(s)

2019-06-25 12:03:13 - [MESSAGE][PASSED] - Delayed 2 second(s)

2019-06-25 12:03:13 - [TEST_STEP][PASSED] - comment("a1=" + a1): a1=2

2019-06-25 12:03:13 - [MESSAGE][INFO] - a1=2

2019-06-25 12:03:13 - [TEST_STEP][PASSED] - verifyNotEqual("a1", "b"): Actual object 'a1' and expected object 'b' are not equal

2019-06-25 12:03:13 - [MESSAGE][PASSED] - Actual object 'a1' and expected object 'b' are not equal

2019-06-25 12:03:13 - [TEST_STEP][PASSED] - delay(2): Delayed 2 second(s)

2019-06-25 12:03:15 - [MESSAGE][PASSED] - Delayed 2 second(s)

2019-06-25 12:03:15 - [TEST_STEP][PASSED] - delay(2): Delayed 2 second(s)

2019-06-25 12:03:17 - [MESSAGE][PASSED] - Delayed 2 second(s)

2019-06-25 12:03:17 - [TEST_STEP][PASSED] - delay(2): Delayed 2 second(s)

2019-06-25 12:03:19 - [MESSAGE][PASSED] - Delayed 2 second(s)

2019-06-25 12:03:19 - [TEST_STEP][PASSED] - click(findTestObject("APOLLO- Desktop/Collection page/Filter/Color dropdown")): Object: 'Object Repository/APOLLO- Desktop/Collection page/Filter/Color dropdown' is clicked on

2019-06-25 12:03:19 - [MESSAGE][PASSED] - Object: 'Object Repository/APOLLO- Desktop/Collection page/Filter/Color dropdown' is clicked on

2019-06-25 12:03:19 - [TEST_STEP][PASSED] - delay(2): Delayed 2 second(s)

2019-06-25 12:03:21 - [MESSAGE][PASSED] - Delayed 2 second(s)

2019-06-25 12:03:21 - [TEST_STEP][PASSED] - click(findTestObject("APOLLO- Desktop/Collection page/Filter/a_Blue")): Object: 'Object Repository/APOLLO- Desktop/Collection page/Filter/a_Blue' is clicked on

2019-06-25 12:03:21 - [MESSAGE][PASSED] - Object: 'Object Repository/APOLLO- Desktop/Collection page/Filter/a_Blue' is clicked on

2019-06-25 12:03:21 - [TEST_STEP][PASSED] - delay(2): Delayed 2 second(s)

2019-06-25 12:03:23 - [MESSAGE][PASSED] - Delayed 2 second(s)

2019-06-25 12:03:23 - [TEST_STEP][PASSED] - click(findTestObject("APOLLO- Desktop/Collection page/Filter/Color dropdown")): Object: 'Object Repository/APOLLO- Desktop/Collection page/Filter/Color dropdown' is clicked on

2019-06-25 12:03:23 - [MESSAGE][PASSED] - Object: 'Object Repository/APOLLO- Desktop/Collection page/Filter/Color dropdown' is clicked on

2019-06-25 12:03:23 - [TEST_STEP][PASSED] - delay(2): Delayed 2 second(s)

2019-06-25 12:03:25 - [MESSAGE][PASSED] - Delayed 2 second(s)

2019-06-25 12:03:25 - [TEST_STEP][PASSED] - a2 = getText(findTestObject("APOLLO- Desktop/Collection page/Filter/Filtered count")): Text of object 'Object Repository/APOLLO- Desktop/Collection page/Filter/Filtered count' is: '3'

2019-06-25 12:03:25 - [MESSAGE][PASSED] - Text of object 'Object Repository/APOLLO- Desktop/Collection page/Filter/Filtered count' is: '3'

2019-06-25 12:03:25 - [TEST_STEP][PASSED] - delay(2): Delayed 2 second(s)

2019-06-25 12:03:27 - [MESSAGE][PASSED] - Delayed 2 second(s)

2019-06-25 12:03:27 - [TEST_STEP][PASSED] - comment("a2=" + a2): a2=3

2019-06-25 12:03:27 - [MESSAGE][INFO] - a2=3

2019-06-25 12:03:27 - [TEST_STEP][PASSED] - verifyNotEqual("a2", "b"): Actual object 'a2' and expected object 'b' are not equal

2019-06-25 12:03:27 - [MESSAGE][PASSED] - Actual object 'a2' and expected object 'b' are not equal

2019-06-25 12:03:27 - [TEST_STEP][PASSED] - delay(2): Delayed 2 second(s)

2019-06-25 12:03:29 - [MESSAGE][PASSED] - Delayed 2 second(s)

2019-06-25 12:03:29 - [TEST_STEP][PASSED] - delay(2): Delayed 2 second(s)

2019-06-25 12:03:31 - [MESSAGE][PASSED] - Delayed 2 second(s)

2019-06-25 12:03:31 - [TEST_STEP][PASSED] - click(findTestObject("APOLLO- Desktop/Collection page/Filter/Color dropdown")): Object: 'Object Repository/APOLLO- Desktop/Collection page/Filter/Color dropdown' is clicked on

2019-06-25 12:03:31 - [MESSAGE][PASSED] - Object: 'Object Repository/APOLLO- Desktop/Collection page/Filter/Color dropdown' is clicked on

2019-06-25 12:03:31 - [TEST_STEP][PASSED] - delay(2): Delayed 2 second(s)

2019-06-25 12:03:33 - [MESSAGE][PASSED] - Delayed 2 second(s)

2019-06-25 12:03:33 - [TEST_STEP][PASSED] - click(findTestObject("APOLLO- Desktop/Collection page/Filter/a_Purple")): Object: 'Object Repository/APOLLO- Desktop/Collection page/Filter/a_Purple' is clicked on

2019-06-25 12:03:33 - [MESSAGE][PASSED] - Object: 'Object Repository/APOLLO- Desktop/Collection page/Filter/a_Purple' is clicked on

2019-06-25 12:03:33 - [TEST_STEP][PASSED] - delay(2): Delayed 2 second(s)

2019-06-25 12:03:35 - [MESSAGE][PASSED] - Delayed 2 second(s)

2019-06-25 12:03:35 - [TEST_STEP][PASSED] - delay(2): Delayed 2 second(s)

2019-06-25 12:03:37 - [MESSAGE][PASSED] - Delayed 2 second(s)

2019-06-25 12:03:37 - [TEST_STEP][PASSED] - a3 = getText(findTestObject("APOLLO- Desktop/Collection page/Filter/Filtered count")): Text of object 'Object Repository/APOLLO- Desktop/Collection page/Filter/Filtered count' is: '2'

2019-06-25 12:03:37 - [MESSAGE][PASSED] - Text of object 'Object Repository/APOLLO- Desktop/Collection page/Filter/Filtered count' is: '2'

2019-06-25 12:03:37 - [TEST_STEP][PASSED] - delay(2): Delayed 2 second(s)

2019-06-25 12:03:39 - [MESSAGE][PASSED] - Delayed 2 second(s)

2019-06-25 12:03:39 - [TEST_STEP][PASSED] - comment("a3=" + a3): a3=2

2019-06-25 12:03:39 - [MESSAGE][INFO] - a3=2

2019-06-25 12:03:39 - [TEST_STEP][PASSED] - verifyNotEqual("a3", "b"): Actual object 'a3' and expected object 'b' are not equal

2019-06-25 12:03:39 - [MESSAGE][PASSED] - Actual object 'a3' and expected object 'b' are not equal

2019-06-25 12:03:39 - [TEST_STEP][PASSED] - delay(2): Delayed 2 second(s)

2019-06-25 12:03:41 - [MESSAGE][PASSED] - Delayed 2 second(s)

2019-06-25 12:03:41 - [TEST_STEP][PASSED] - delay(2): Delayed 2 second(s)

2019-06-25 12:03:43 - [MESSAGE][PASSED] - Delayed 2 second(s)

2019-06-25 12:03:43 - [TEST_STEP][PASSED] - click(findTestObject("APOLLO- Desktop/Collection page/Filter/Filter dropdown")): Object: 'Object Repository/APOLLO- Desktop/Collection page/Filter/Filter dropdown' is clicked on

2019-06-25 12:03:43 - [MESSAGE][PASSED] - Object: 'Object Repository/APOLLO- Desktop/Collection page/Filter/Filter dropdown' is clicked on

2019-06-25 12:03:43 - [TEST_STEP][PASSED] - delay(2): Delayed 2 second(s)

2019-06-25 12:03:45 - [MESSAGE][PASSED] - Delayed 2 second(s)

2019-06-25 12:03:45 - [TEST_STEP][PASSED] - click(findTestObject("APOLLO- Desktop/Collection page/Filter/a_Medium")): Object: 'Object Repository/APOLLO- Desktop/Collection page/Filter/a_Medium' is clicked on

2019-06-25 12:03:45 - [MESSAGE][PASSED] - Object: 'Object Repository/APOLLO- Desktop/Collection page/Filter/a_Medium' is clicked on

2019-06-25 12:03:45 - [TEST_STEP][PASSED] - delay(2): Delayed 2 second(s)

2019-06-25 12:03:47 - [MESSAGE][PASSED] - Delayed 2 second(s)

2019-06-25 12:03:47 - [TEST_STEP][PASSED] - click(findTestObject("APOLLO- Desktop/Collection page/Filter/Filter dropdown")): Object: 'Object Repository/APOLLO- Desktop/Collection page/Filter/Filter dropdown' is clicked on

2019-06-25 12:03:47 - [MESSAGE][PASSED] - Object: 'Object Repository/APOLLO- Desktop/Collection page/Filter/Filter dropdown' is clicked on

2019-06-25 12:03:47 - [TEST_STEP][PASSED] - delay(2): Delayed 2 second(s)

2019-06-25 12:03:49 - [MESSAGE][PASSED] - Delayed 2 second(s)

2019-06-25 12:03:49 - [TEST_STEP][PASSED] - click(findTestObject("APOLLO- Desktop/Collection page/Filter/Color dropdown")): Object: 'Object Repository/APOLLO- Desktop/Collection page/Filter/Color dropdown' is clicked on

2019-06-25 12:03:49 - [MESSAGE][PASSED] - Object: 'Object Repository/APOLLO- Desktop/Collection page/Filter/Color dropdown' is clicked on

2019-06-25 12:03:49 - [TEST_STEP][PASSED] - delay(2): Delayed 2 second(s)

2019-06-25 12:03:51 - [MESSAGE][PASSED] - Delayed 2 second(s)

2019-06-25 12:03:51 - [TEST_STEP][PASSED] - click(findTestObject("APOLLO- Desktop/Collection page/Filter/a_Red")): Object: 'Object Repository/APOLLO- Desktop/Collection page/Filter/a_Red' is clicked on

2019-06-25 12:03:52 - [MESSAGE][PASSED] - Object: 'Object Repository/APOLLO- Desktop/Collection page/Filter/a_Red' is clicked on

2019-06-25 12:03:52 - [TEST_STEP][PASSED] - click(findTestObject("APOLLO- Desktop/Collection page/Filter/Color dropdown")): Object: 'Object Repository/APOLLO- Desktop/Collection page/Filter/Color dropdown' is clicked on

2019-06-25 12:03:52 - [MESSAGE][PASSED] - Object: 'Object Repository/APOLLO- Desktop/Collection page/Filter/Color dropdown' is clicked on

2019-06-25 12:03:52 - [TEST_STEP][PASSED] - delay(2): Delayed 2 second(s)

2019-06-25 12:03:54 - [MESSAGE][PASSED] - Delayed 2 second(s)

2019-06-25 12:03:54 - [TEST_STEP][PASSED] - a4 = getText(findTestObject("APOLLO- Desktop/Collection page/Filter/Filtered count")): Text of object 'Object Repository/APOLLO- Desktop/Collection page/Filter/Filtered count' is: '2'

2019-06-25 12:03:54 - [MESSAGE][PASSED] - Text of object 'Object Repository/APOLLO- Desktop/Collection page/Filter/Filtered count' is: '2'

2019-06-25 12:03:54 - [TEST_STEP][PASSED] - comment("a4=" + a4): a4=2

2019-06-25 12:03:54 - [MESSAGE][INFO] - a4=2

2019-06-25 12:03:54 - [TEST_STEP][PASSED] - verifyNotEqual("a4", "b"): Actual object 'a4' and expected object 'b' are not equal

2019-06-25 12:03:54 - [MESSAGE][PASSED] - Actual object 'a4' and expected object 'b' are not equal

2019-06-25 12:03:54 - [TEST_STEP][PASSED] - delay(4): Delayed 4 second(s)

2019-06-25 12:03:58 - [MESSAGE][PASSED] - Delayed 4 second(s)

2019-06-25 12:03:58 - [TEST_STEP][PASSED] - click(findTestObject("APOLLO- Desktop/Collection page/Filter/Color dropdown")): Object: 'Object Repository/APOLLO- Desktop/Collection page/Filter/Color dropdown' is clicked on

2019-06-25 12:03:58 - [MESSAGE][PASSED] - Object: 'Object Repository/APOLLO- Desktop/Collection page/Filter/Color dropdown' is clicked on

2019-06-25 12:03:58 - [TEST_STEP][PASSED] - delay(2): Delayed 2 second(s)

2019-06-25 12:04:00 - [MESSAGE][PASSED] - Delayed 2 second(s)

2019-06-25 12:04:00 - [TEST_STEP][PASSED] - click(findTestObject("APOLLO- Desktop/Collection page/Filter/a_Green")): Object: 'Object Repository/APOLLO- Desktop/Collection page/Filter/a_Green' is clicked on

2019-06-25 12:04:00 - [MESSAGE][PASSED] - Object: 'Object Repository/APOLLO- Desktop/Collection page/Filter/a_Green' is clicked on

2019-06-25 12:04:00 - [TEST_STEP][PASSED] - delay(2): Delayed 2 second(s)

2019-06-25 12:04:02 - [MESSAGE][PASSED] - Delayed 2 second(s)

2019-06-25 12:04:02 - [TEST_STEP][PASSED] - click(findTestObject("APOLLO- Desktop/Collection page/Filter/Color dropdown")): Object: 'Object Repository/APOLLO- Desktop/Collection page/Filter/Color dropdown' is clicked on

2019-06-25 12:04:02 - [MESSAGE][PASSED] - Object: 'Object Repository/APOLLO- Desktop/Collection page/Filter/Color dropdown' is clicked on

2019-06-25 12:04:02 - [TEST_STEP][PASSED] - delay(2): Delayed 2 second(s)

2019-06-25 12:04:04 - [MESSAGE][PASSED] - Delayed 2 second(s)

2019-06-25 12:04:04 - [TEST_STEP][PASSED] - a5 = getText(findTestObject("APOLLO- Desktop/Collection page/Filter/Filtered count")): Text of object 'Object Repository/APOLLO- Desktop/Collection page/Filter/Filtered count' is: '2'

2019-06-25 12:04:04 - [MESSAGE][PASSED] - Text of object 'Object Repository/APOLLO- Desktop/Collection page/Filter/Filtered count' is: '2'

2019-06-25 12:04:04 - [TEST_STEP][PASSED] - delay(2): Delayed 2 second(s)

2019-06-25 12:04:06 - [MESSAGE][PASSED] - Delayed 2 second(s)

2019-06-25 12:04:06 - [TEST_STEP][PASSED] - comment("a5=" + a5): a5=2

2019-06-25 12:04:06 - [MESSAGE][INFO] - a5=2

2019-06-25 12:04:06 - [TEST_STEP][PASSED] - verifyNotEqual("a5", "b"): Actual object 'a5' and expected object 'b' are not equal

2019-06-25 12:04:06 - [MESSAGE][PASSED] - Actual object 'a5' and expected object 'b' are not equal

2019-06-25 12:04:06 - [TEST_STEP][PASSED] - delay(2): Delayed 2 second(s)

2019-06-25 12:04:08 - [MESSAGE][PASSED] - Delayed 2 second(s)

2019-06-25 12:04:08 - [TEST_STEP][PASSED] - click(findTestObject("APOLLO- Desktop/Collection page/Filter/Color dropdown")): Object: 'Object Repository/APOLLO- Desktop/Collection page/Filter/Color dropdown' is clicked on

2019-06-25 12:04:08 - [MESSAGE][PASSED] - Object: 'Object Repository/APOLLO- Desktop/Collection page/Filter/Color dropdown' is clicked on

2019-06-25 12:04:08 - [TEST_STEP][PASSED] - delay(2): Delayed 2 second(s)

2019-06-25 12:04:10 - [MESSAGE][PASSED] - Delayed 2 second(s)

2019-06-25 12:04:10 - [TEST_STEP][PASSED] - click(findTestObject("APOLLO- Desktop/Collection page/Filter/a_Blue")): Object: 'Object Repository/APOLLO- Desktop/Collection page/Filter/a_Blue' is clicked on

2019-06-25 12:04:10 - [MESSAGE][PASSED] - Object: 'Object Repository/APOLLO- Desktop/Collection page/Filter/a_Blue' is clicked on

2019-06-25 12:04:10 - [TEST_STEP][PASSED] - delay(2): Delayed 2 second(s)

2019-06-25 12:04:12 - [MESSAGE][PASSED] - Delayed 2 second(s)

2019-06-25 12:04:12 - [TEST_STEP][PASSED] - click(findTestObject("APOLLO- Desktop/Collection page/Filter/Color dropdown")): Object: 'Object Repository/APOLLO- Desktop/Collection page/Filter/Color dropdown' is clicked on

2019-06-25 12:04:12 - [MESSAGE][PASSED] - Object: 'Object Repository/APOLLO- Desktop/Collection page/Filter/Color dropdown' is clicked on

2019-06-25 12:04:12 - [TEST_STEP][PASSED] - delay(2): Delayed 2 second(s)

2019-06-25 12:04:14 - [MESSAGE][PASSED] - Delayed 2 second(s)

2019-06-25 12:04:14 - [TEST_STEP][PASSED] - a6 = getText(findTestObject("APOLLO- Desktop/Collection page/Filter/Filtered count")): Text of object 'Object Repository/APOLLO- Desktop/Collection page/Filter/Filtered count' is: '2'

2019-06-25 12:04:14 - [MESSAGE][PASSED] - Text of object 'Object Repository/APOLLO- Desktop/Collection page/Filter/Filtered count' is: '2'

2019-06-25 12:04:14 - [TEST_STEP][PASSED] - comment("a6=" + a6): a6=2

2019-06-25 12:04:14 - [MESSAGE][INFO] - a6=2

2019-06-25 12:04:14 - [TEST_STEP][PASSED] - verifyNotEqual("a6", "b"): Actual object 'a6' and expected object 'b' are not equal

2019-06-25 12:04:14 - [MESSAGE][PASSED] - Actual object 'a6' and expected object 'b' are not equal

2019-06-25 12:04:14 - [TEST_STEP][PASSED] - delay(2): Delayed 2 second(s)

2019-06-25 12:04:16 - [MESSAGE][PASSED] - Delayed 2 second(s)

2019-06-25 12:04:16 - [TEST_STEP][PASSED] - click(findTestObject("APOLLO- Desktop/Collection page/Filter/Color dropdown")): Object: 'Object Repository/APOLLO- Desktop/Collection page/Filter/Color dropdown' is clicked on

2019-06-25 12:04:16 - [MESSAGE][PASSED] - Object: 'Object Repository/APOLLO- Desktop/Collection page/Filter/Color dropdown' is clicked on

2019-06-25 12:04:16 - [TEST_STEP][PASSED] - delay(2): Delayed 2 second(s)

2019-06-25 12:04:18 - [MESSAGE][PASSED] - Delayed 2 second(s)

2019-06-25 12:04:18 - [TEST_STEP][PASSED] - click(findTestObject("APOLLO- Desktop/Collection page/Filter/a_Purple")): Object: 'Object Repository/APOLLO- Desktop/Collection page/Filter/a_Purple' is clicked on

2019-06-25 12:04:18 - [MESSAGE][PASSED] - Object: 'Object Repository/APOLLO- Desktop/Collection page/Filter/a_Purple' is clicked on

2019-06-25 12:04:18 - [TEST_STEP][PASSED] - delay(2): Delayed 2 second(s)

2019-06-25 12:04:20 - [MESSAGE][PASSED] - Delayed 2 second(s)

2019-06-25 12:04:20 - [TEST_STEP][PASSED] - click(findTestObject("APOLLO- Desktop/Collection page/Filter/Color dropdown")): Object: 'Object Repository/APOLLO- Desktop/Collection page/Filter/Color dropdown' is clicked on

2019-06-25 12:04:20 - [MESSAGE][PASSED] - Object: 'Object Repository/APOLLO- Desktop/Collection page/Filter/Color dropdown' is clicked on

2019-06-25 12:04:20 - [TEST_STEP][PASSED] - delay(2): Delayed 2 second(s)

2019-06-25 12:04:22 - [MESSAGE][PASSED] - Delayed 2 second(s)

2019-06-25 12:04:22 - [TEST_STEP][PASSED] - a7 = getText(findTestObject("APOLLO- Desktop/Collection page/Filter/Filtered count")): Text of object 'Object Repository/APOLLO- Desktop/Collection page/Filter/Filtered count' is: '2'

2019-06-25 12:04:22 - [MESSAGE][PASSED] - Text of object 'Object Repository/APOLLO- Desktop/Collection page/Filter/Filtered count' is: '2'

2019-06-25 12:04:22 - [TEST_STEP][PASSED] - delay(2): Delayed 2 second(s)

2019-06-25 12:04:24 - [MESSAGE][PASSED] - Delayed 2 second(s)

2019-06-25 12:04:24 - [TEST_STEP][PASSED] - comment("a7=" + a7): a7=2

2019-06-25 12:04:24 - [MESSAGE][INFO] - a7=2

2019-06-25 12:04:24 - [TEST_STEP][PASSED] - verifyNotEqual("a7", "b"): Actual object 'a7' and expected object 'b' are not equal

2019-06-25 12:04:24 - [MESSAGE][PASSED] - Actual object 'a7' and expected object 'b' are not equal

2019-06-25 12:04:24 - [TEST_STEP][PASSED] - delay(2): Delayed 2 second(s)

2019-06-25 12:04:26 - [MESSAGE][PASSED] - Delayed 2 second(s)

2019-06-25 12:04:26 - [TEST_STEP][PASSED] - click(findTestObject("APOLLO- Desktop/Collection page/Filter/Filter dropdown")): Object: 'Object Repository/APOLLO- Desktop/Collection page/Filter/Filter dropdown' is clicked on

2019-06-25 12:04:26 - [MESSAGE][PASSED] - Object: 'Object Repository/APOLLO- Desktop/Collection page/Filter/Filter dropdown' is clicked on

2019-06-25 12:04:26 - [TEST_STEP][PASSED] - delay(2): Delayed 2 second(s)

2019-06-25 12:04:28 - [MESSAGE][PASSED] - Delayed 2 second(s)

2019-06-25 12:04:28 - [TEST_STEP][PASSED] - click(findTestObject("APOLLO- Desktop/Collection page/Filter/a_Large")): Object: 'Object Repository/APOLLO- Desktop/Collection page/Filter/a_Large' is clicked on

2019-06-25 12:04:28 - [MESSAGE][PASSED] - Object: 'Object Repository/APOLLO- Desktop/Collection page/Filter/a_Large' is clicked on

2019-06-25 12:04:28 - [TEST_STEP][PASSED] - delay(2): Delayed 2 second(s)

2019-06-25 12:04:30 - [MESSAGE][PASSED] - Delayed 2 second(s)

2019-06-25 12:04:30 - [TEST_STEP][PASSED] - click(findTestObject("APOLLO- Desktop/Collection page/Filter/Filter dropdown")): Object: 'Object Repository/APOLLO- Desktop/Collection page/Filter/Filter dropdown' is clicked on

2019-06-25 12:04:30 - [MESSAGE][PASSED] - Object: 'Object Repository/APOLLO- Desktop/Collection page/Filter/Filter dropdown' is clicked on

2019-06-25 12:04:30 - [TEST_STEP][PASSED] - delay(2): Delayed 2 second(s)

2019-06-25 12:04:32 - [MESSAGE][PASSED] - Delayed 2 second(s)

2019-06-25 12:04:32 - [TEST_STEP][PASSED] - click(findTestObject("APOLLO- Desktop/Collection page/Filter/Color dropdown")): Object: 'Object Repository/APOLLO- Desktop/Collection page/Filter/Color dropdown' is clicked on

2019-06-25 12:04:32 - [MESSAGE][PASSED] - Object: 'Object Repository/APOLLO- Desktop/Collection page/Filter/Color dropdown' is clicked on

2019-06-25 12:04:32 - [TEST_STEP][PASSED] - delay(2): Delayed 2 second(s)

2019-06-25 12:04:34 - [MESSAGE][PASSED] - Delayed 2 second(s)

2019-06-25 12:04:34 - [TEST_STEP][PASSED] - click(findTestObject("APOLLO- Desktop/Collection page/Filter/a_Red")): Object: 'Object Repository/APOLLO- Desktop/Collection page/Filter/a_Red' is clicked on

2019-06-25 12:04:34 - [MESSAGE][PASSED] - Object: 'Object Repository/APOLLO- Desktop/Collection page/Filter/a_Red' is clicked on

2019-06-25 12:04:34 - [TEST_STEP][PASSED] - delay(2): Delayed 2 second(s)

2019-06-25 12:04:36 - [MESSAGE][PASSED] - Delayed 2 second(s)

2019-06-25 12:04:36 - [TEST_STEP][PASSED] - click(findTestObject("APOLLO- Desktop/Collection page/Filter/Color dropdown")): Object: 'Object Repository/APOLLO- Desktop/Collection page/Filter/Color dropdown' is clicked on

2019-06-25 12:04:36 - [MESSAGE][PASSED] - Object: 'Object Repository/APOLLO- Desktop/Collection page/Filter/Color dropdown' is clicked on

2019-06-25 12:04:36 - [TEST_STEP][PASSED] - delay(2): Delayed 2 second(s)

2019-06-25 12:04:38 - [MESSAGE][PASSED] - Delayed 2 second(s)

2019-06-25 12:04:38 - [TEST_STEP][PASSED] - a8 = getText(findTestObject("APOLLO- Desktop/Collection page/Filter/Filtered count")): Text of object 'Object Repository/APOLLO- Desktop/Collection page/Filter/Filtered count' is: '2'

2019-06-25 12:04:38 - [MESSAGE][PASSED] - Text of object 'Object Repository/APOLLO- Desktop/Collection page/Filter/Filtered count' is: '2'

2019-06-25 12:04:38 - [TEST_STEP][PASSED] - delay(2): Delayed 2 second(s)

2019-06-25 12:04:40 - [MESSAGE][PASSED] - Delayed 2 second(s)

2019-06-25 12:04:40 - [TEST_STEP][PASSED] - comment("a8=" + a8): a8=2

2019-06-25 12:04:40 - [MESSAGE][INFO] - a8=2

2019-06-25 12:04:40 - [TEST_STEP][PASSED] - verifyNotEqual("a8", "b"): Actual object 'a8' and expected object 'b' are not equal

2019-06-25 12:04:40 - [MESSAGE][PASSED] - Actual object 'a8' and expected object 'b' are not equal

2019-06-25 12:04:40 - [TEST_STEP][PASSED] - delay(2): Delayed 2 second(s)

2019-06-25 12:04:42 - [MESSAGE][PASSED] - Delayed 2 second(s)

2019-06-25 12:04:42 - [TEST_STEP][PASSED] - click(findTestObject("APOLLO- Desktop/Collection page/Filter/Color dropdown")): Object: 'Object Repository/APOLLO- Desktop/Collection page/Filter/Color dropdown' is clicked on

2019-06-25 12:04:43 - [MESSAGE][PASSED] - Object: 'Object Repository/APOLLO- Desktop/Collection page/Filter/Color dropdown' is clicked on

2019-06-25 12:04:43 - [TEST_STEP][PASSED] - delay(2): Delayed 2 second(s)

2019-06-25 12:04:45 - [MESSAGE][PASSED] - Delayed 2 second(s)

2019-06-25 12:04:45 - [TEST_STEP][PASSED] - click(findTestObject("APOLLO- Desktop/Collection page/Filter/a_Green")): Object: 'Object Repository/APOLLO- Desktop/Collection page/Filter/a_Green' is clicked on

2019-06-25 12:04:45 - [MESSAGE][PASSED] - Object: 'Object Repository/APOLLO- Desktop/Collection page/Filter/a_Green' is clicked on

2019-06-25 12:04:45 - [TEST_STEP][PASSED] - delay(2): Delayed 2 second(s)

2019-06-25 12:04:47 - [MESSAGE][PASSED] - Delayed 2 second(s)

2019-06-25 12:04:47 - [TEST_STEP][PASSED] - click(findTestObject("APOLLO- Desktop/Collection page/Filter/Color dropdown")): Object: 'Object Repository/APOLLO- Desktop/Collection page/Filter/Color dropdown' is clicked on

2019-06-25 12:04:47 - [MESSAGE][PASSED] - Object: 'Object Repository/APOLLO- Desktop/Collection page/Filter/Color dropdown' is clicked on

2019-06-25 12:04:47 - [TEST_STEP][PASSED] - delay(2): Delayed 2 second(s)

2019-06-25 12:04:49 - [MESSAGE][PASSED] - Delayed 2 second(s)

2019-06-25 12:04:49 - [TEST_STEP][PASSED] - a9 = getText(findTestObject("APOLLO- Desktop/Collection page/Filter/Filtered count")): Text of object 'Object Repository/APOLLO- Desktop/Collection page/Filter/Filtered count' is: '2'

2019-06-25 12:04:49 - [MESSAGE][PASSED] - Text of object 'Object Repository/APOLLO- Desktop/Collection page/Filter/Filtered count' is: '2'

2019-06-25 12:04:49 - [TEST_STEP][PASSED] - delay(2): Delayed 2 second(s)

2019-06-25 12:04:51 - [MESSAGE][PASSED] - Delayed 2 second(s)

2019-06-25 12:04:51 - [TEST_STEP][PASSED] - comment("a9=" + a9): a9=2

2019-06-25 12:04:51 - [MESSAGE][INFO] - a9=2

2019-06-25 12:04:51 - [TEST_STEP][PASSED] - verifyNotEqual("a9", "b"): Actual object 'a9' and expected object 'b' are not equal

2019-06-25 12:04:51 - [MESSAGE][PASSED] - Actual object 'a9' and expected object 'b' are not equal

2019-06-25 12:04:51 - [TEST_STEP][PASSED] - delay(2): Delayed 2 second(s)

2019-06-25 12:04:53 - [MESSAGE][PASSED] - Delayed 2 second(s)

2019-06-25 12:04:53 - [TEST_STEP][PASSED] - click(findTestObject("APOLLO- Desktop/Collection page/Filter/Color dropdown")): Object: 'Object Repository/APOLLO- Desktop/Collection page/Filter/Color dropdown' is clicked on

2019-06-25 12:04:53 - [MESSAGE][PASSED] - Object: 'Object Repository/APOLLO- Desktop/Collection page/Filter/Color dropdown' is clicked on

2019-06-25 12:04:53 - [TEST_STEP][PASSED] - delay(2): Delayed 2 second(s)

2019-06-25 12:04:55 - [MESSAGE][PASSED] - Delayed 2 second(s)

2019-06-25 12:04:55 - [TEST_STEP][PASSED] - click(findTestObject("APOLLO- Desktop/Collection page/Filter/a_Blue")): Object: 'Object Repository/APOLLO- Desktop/Collection page/Filter/a_Blue' is clicked on

2019-06-25 12:04:55 - [MESSAGE][PASSED] - Object: 'Object Repository/APOLLO- Desktop/Collection page/Filter/a_Blue' is clicked on

2019-06-25 12:04:55 - [TEST_STEP][PASSED] - delay(2): Delayed 2 second(s)

2019-06-25 12:04:57 - [MESSAGE][PASSED] - Delayed 2 second(s)

2019-06-25 12:04:57 - [TEST_STEP][PASSED] - click(findTestObject("APOLLO- Desktop/Collection page/Filter/Color dropdown")): Object: 'Object Repository/APOLLO- Desktop/Collection page/Filter/Color dropdown' is clicked on

2019-06-25 12:04:57 - [MESSAGE][PASSED] - Object: 'Object Repository/APOLLO- Desktop/Collection page/Filter/Color dropdown' is clicked on

2019-06-25 12:04:57 - [TEST_STEP][PASSED] - delay(2): Delayed 2 second(s)

2019-06-25 12:04:59 - [MESSAGE][PASSED] - Delayed 2 second(s)

2019-06-25 12:04:59 - [TEST_STEP][PASSED] - a10 = getText(findTestObject("APOLLO- Desktop/Collection page/Filter/Filtered count")): Text of object 'Object Repository/APOLLO- Desktop/Collection page/Filter/Filtered count' is: '2'

2019-06-25 12:04:59 - [MESSAGE][PASSED] - Text of object 'Object Repository/APOLLO- Desktop/Collection page/Filter/Filtered count' is: '2'

2019-06-25 12:04:59 - [TEST_STEP][PASSED] - comment("a10=" + a10): a10=2

2019-06-25 12:04:59 - [MESSAGE][INFO] - a10=2

2019-06-25 12:04:59 - [TEST_STEP][PASSED] - verifyNotEqual("a10", "b"): Actual object 'a10' and expected object 'b' are not equal

2019-06-25 12:04:59 - [MESSAGE][PASSED] - Actual object 'a10' and expected object 'b' are not equal

2019-06-25 12:04:59 - [TEST_STEP][PASSED] - delay(2): Delayed 2 second(s)

2019-06-25 12:05:01 - [MESSAGE][PASSED] - Delayed 2 second(s)

2019-06-25 12:05:01 - [TEST_STEP][PASSED] - click(findTestObject("APOLLO- Desktop/Collection page/Filter/Color dropdown")): Object: 'Object Repository/APOLLO- Desktop/Collection page/Filter/Color dropdown' is clicked on

2019-06-25 12:05:01 - [MESSAGE][PASSED] - Object: 'Object Repository/APOLLO- Desktop/Collection page/Filter/Color dropdown' is clicked on

2019-06-25 12:05:01 - [TEST_STEP][PASSED] - delay(2): Delayed 2 second(s)

2019-06-25 12:05:03 - [MESSAGE][PASSED] - Delayed 2 second(s)

2019-06-25 12:05:03 - [TEST_STEP][PASSED] - click(findTestObject("APOLLO- Desktop/Collection page/Filter/a_Purple")): Object: 'Object Repository/APOLLO- Desktop/Collection page/Filter/a_Purple' is clicked on

2019-06-25 12:05:03 - [MESSAGE][PASSED] - Object: 'Object Repository/APOLLO- Desktop/Collection page/Filter/a_Purple' is clicked on

2019-06-25 12:05:03 - [TEST_STEP][PASSED] - delay(2): Delayed 2 second(s)

2019-06-25 12:05:05 - [MESSAGE][PASSED] - Delayed 2 second(s)

2019-06-25 12:05:05 - [TEST_STEP][PASSED] - click(findTestObject("APOLLO- Desktop/Collection page/Filter/Color dropdown")): Object: 'Object Repository/APOLLO- Desktop/Collection page/Filter/Color dropdown' is clicked on

2019-06-25 12:05:05 - [MESSAGE][PASSED] - Object: 'Object Repository/APOLLO- Desktop/Collection page/Filter/Color dropdown' is clicked on

2019-06-25 12:05:05 - [TEST_STEP][PASSED] - delay(2): Delayed 2 second(s)

2019-06-25 12:05:07 - [MESSAGE][PASSED] - Delayed 2 second(s)

2019-06-25 12:05:07 - [TEST_STEP][PASSED] - a11 = getText(findTestObject("APOLLO- Desktop/Collection page/Filter/Filtered count")): Text of object 'Object Repository/APOLLO- Desktop/Collection page/Filter/Filtered count' is: '2'

2019-06-25 12:05:07 - [MESSAGE][PASSED] - Text of object 'Object Repository/APOLLO- Desktop/Collection page/Filter/Filtered count' is: '2'

2019-06-25 12:05:07 - [TEST_STEP][PASSED] - delay(2): Delayed 2 second(s)

2019-06-25 12:05:09 - [MESSAGE][PASSED] - Delayed 2 second(s)

2019-06-25 12:05:09 - [TEST_STEP][PASSED] - comment("a11=" + a11): a11=2

2019-06-25 12:05:09 - [MESSAGE][INFO] - a11=2

2019-06-25 12:05:09 - [TEST_STEP][PASSED] - verifyNotEqual("a11", "b"): Actual object 'a11' and expected object 'b' are not equal

2019-06-25 12:05:09 - [MESSAGE][PASSED] - Actual object 'a11' and expected object 'b' are not equal

2019-06-25 12:05:09 - [TEST_STEP][PASSED] - delay(2): Delayed 2 second(s)

2019-06-25 12:05:11 - [MESSAGE][PASSED] - Delayed 2 second(s)

2019-06-25 12:05:11 - [TEST_STEP][NOT_RUN] - click(findTestObject("APOLLO- Desktop/Collection page/Filter/Color dropdown")): NOT_RUN: click(findTestObject("APOLLO- Desktop/Collection page/Filter/Color dropdown"))

2019-06-25 12:05:11 - [MESSAGE][NOT_RUN] - NOT_RUN: click(findTestObject("APOLLO- Desktop/Collection page/Filter/Color dropdown"))

2019-06-25 12:05:11 - [TEST_STEP][PASSED] - delay(2): Delayed 2 second(s)

2019-06-25 12:05:13 - [MESSAGE][PASSED] - Delayed 2 second(s)

2019-06-25 12:05:13 - [TEST_STEP][PASSED] - click(findTestObject("APOLLO- Desktop/Collection page/Filter/a_Clear all filters")): Object: 'Object Repository/APOLLO- Desktop/Collection page/Filter/a_Clear all filters' is clicked on

2019-06-25 12:05:13 - [MESSAGE][PASSED] - Object: 'Object Repository/APOLLO- Desktop/Collection page/Filter/a_Clear all filters' is clicked on

2019-06-25 12:05:13 - [TEST_STEP][PASSED] - delay(2): Delayed 2 second(s)

2019-06-25 12:05:15 - [MESSAGE][PASSED] - Delayed 2 second(s)

2019-06-25 12:05:15 - [TEST_STEP][PASSED] - a12 = getText(findTestObject("APOLLO- Desktop/Collection page/Filter/Filtered count")): Text of object 'Object Repository/APOLLO- Desktop/Collection page/Filter/Filtered count' is: '7'

2019-06-25 12:05:15 - [MESSAGE][PASSED] - Text of object 'Object Repository/APOLLO- Desktop/Collection page/Filter/Filtered count' is: '7'

2019-06-25 12:05:15 - [TEST_STEP][PASSED] - delay(2): Delayed 2 second(s)

2019-06-25 12:05:17 - [MESSAGE][PASSED] - Delayed 2 second(s)

2019-06-25 12:05:17 - [TEST_STEP][PASSED] - comment("a12=" + a12): a12=7

2019-06-25 12:05:17 - [MESSAGE][INFO] - a12=7

2019-06-25 12:05:17 - [TEST_STEP][PASSED] - verifyNotEqual("a12", "b"): Actual object 'a12' and expected object 'b' are not equal

2019-06-25 12:05:17 - [MESSAGE][PASSED] - Actual object 'a12' and expected object 'b' are not equal]]></system-out>
         <system-err><![CDATA[]]></system-err>
      </testcase>
      <testcase name="Test Cases/HOME PAGE/Store locator" classname="Test Cases/HOME PAGE/Store locator" status="PASSED">
         <system-out><![CDATA[2019-06-25 12:05:17 - [TEST_CASE][PASSED] - Test Cases/HOME PAGE/Store locator: Test Cases/HOME PAGE/Store locator

2019-06-25 12:05:17 - [TEST_STEP][PASSED] - callTestCase(findTestCase("CALL - URL"), [:], STOP_ON_FAILURE): Call Test Case 'Test Cases/CALL - URL' successfully

2019-06-25 12:05:17 - [TEST_CASE][PASSED] - Test Cases/CALL - URL: Test Cases/CALL - URL

2019-06-25 12:05:17 - [TEST_STEP][PASSED] - openBrowser(""): Browser is opened with url: ''

2019-06-25 12:05:17 - [MESSAGE][WARNING] - A browser is already opened. Closing browser and opening a new one

2019-06-25 12:05:17 - [MESSAGE][INFO] - Starting 'Chrome' driver

2019-06-25 12:05:19 - [MESSAGE][PASSED] - Browser is opened with url: ''

2019-06-25 12:05:19 - [TEST_STEP][PASSED] - navigateToUrl("https://diff-apollo.myshopify.com/?key=eec34184cfd8f82cda816f82753a8c8e9e240f30cf54470e19667b8cbb401948&preview_theme_id="): Navigate to 'https://diff-apollo.myshopify.com/?key=eec34184cfd8f82cda816f82753a8c8e9e240f30cf54470e19667b8cbb401948&preview_theme_id=' successfully

2019-06-25 12:05:23 - [MESSAGE][PASSED] - Navigate to 'https://diff-apollo.myshopify.com/?key=eec34184cfd8f82cda816f82753a8c8e9e240f30cf54470e19667b8cbb401948&preview_theme_id=' successfully

2019-06-25 12:05:23 - [TEST_STEP][NOT_RUN] - executeJavaScript("var previewBar = document.getElementById("preview-bar-iframe"); previewBar.style.display = "none";", []): NOT_RUN: executeJavaScript("var previewBar = document.getElementById("preview-bar-iframe"); previewBar.style.display = "none";", [])

2019-06-25 12:05:23 - [MESSAGE][NOT_RUN] - NOT_RUN: executeJavaScript("var previewBar = document.getElementById("preview-bar-iframe"); previewBar.style.display = "none";", [])

2019-06-25 12:05:23 - [MESSAGE][PASSED] - Call Test Case 'Test Cases/CALL - URL' successfully

2019-06-25 12:05:23 - [TEST_STEP][PASSED] - delay(2): Delayed 2 second(s)

2019-06-25 12:05:25 - [MESSAGE][PASSED] - Delayed 2 second(s)

2019-06-25 12:05:25 - [TEST_STEP][PASSED] - click(findTestObject("APOLLO- Desktop/Home page/Map location icon")): Object: 'Object Repository/APOLLO- Desktop/Home page/Map location icon' is clicked on

2019-06-25 12:05:26 - [MESSAGE][PASSED] - Object: 'Object Repository/APOLLO- Desktop/Home page/Map location icon' is clicked on

2019-06-25 12:05:26 - [TEST_STEP][PASSED] - a = getWindowTitle(): Current window's title is: 'Our Store – Diff Apollo'

2019-06-25 12:05:26 - [MESSAGE][PASSED] - Current window's title is: 'Our Store – Diff Apollo'

2019-06-25 12:05:26 - [TEST_STEP][PASSED] - comment(" a=" + a):  a=Our Store – Diff Apollo

2019-06-25 12:05:26 - [MESSAGE][INFO] -  a=Our Store – Diff Apollo

2019-06-25 12:05:26 - [TEST_STEP][PASSED] - b = "Our Store – Diff Apollo": null

2019-06-25 12:05:26 - [TEST_STEP][PASSED] - if (a == b):  navigation is on right page

2019-06-25 12:05:26 - [TEST_STEP][PASSED] - comment(" navigation is on right page"):  navigation is on right page

2019-06-25 12:05:26 - [MESSAGE][INFO] -  navigation is on right page]]></system-out>
         <system-err><![CDATA[]]></system-err>
      </testcase>
      <testcase name="Test Cases/HOME PAGE/New letter and video CTA" classname="Test Cases/HOME PAGE/New letter and video CTA" status="PASSED">
[...]

2019-06-25 12:29:29 - [TEST_STEP][PASSED] - delay(2): Delayed 2 second(s)

2019-06-25 12:29:31 - [MESSAGE][PASSED] - Delayed 2 second(s)

2019-06-25 12:29:31 - [TEST_STEP][PASSED] - click(findTestObject("APOLLO- Desktop/Product page/Add to bag")): Object: 'Object Repository/APOLLO- Desktop/Product page/Add to bag' is clicked on

2019-06-25 12:29:31 - [MESSAGE][PASSED] - Object: 'Object Repository/APOLLO- Desktop/Product page/Add to bag' is clicked on

2019-06-25 12:29:31 - [TEST_STEP][PASSED] - delay(2): Delayed 2 second(s)

2019-06-25 12:29:33 - [MESSAGE][PASSED] - Delayed 2 second(s)

2019-06-25 12:29:33 - [TEST_STEP][NOT_RUN] - executeJavaScript("var previewBar = document.getElementById("preview-bar-iframe"); previewBar.style.display = "none";", []): NOT_RUN: executeJavaScript("var previewBar = document.getElementById("preview-bar-iframe"); previewBar.style.display = "none";", [])

2019-06-25 12:29:33 - [MESSAGE][NOT_RUN] - NOT_RUN: executeJavaScript("var previewBar = document.getElementById("preview-bar-iframe"); previewBar.style.display = "none";", [])

2019-06-25 12:29:33 - [TEST_STEP][PASSED] - a = getText(findTestObject("APOLLO- Desktop/Cart flyout/Unit price - first product")): Text of object 'Object Repository/APOLLO- Desktop/Cart flyout/Unit price - first product' is: '$30'

2019-06-25 12:29:33 - [MESSAGE][PASSED] - Text of object 'Object Repository/APOLLO- Desktop/Cart flyout/Unit price - first product' is: '$30'

2019-06-25 12:29:33 - [TEST_STEP][PASSED] - comment("a=" + a): a=$30

2019-06-25 12:29:33 - [MESSAGE][INFO] - a=$30

2019-06-25 12:29:33 - [TEST_STEP][PASSED] - a1 = a.substring(1): null

2019-06-25 12:29:33 - [TEST_STEP][PASSED] - comment("a1=" + a1): a1=30

2019-06-25 12:29:33 - [MESSAGE][INFO] - a1=30

2019-06-25 12:29:33 - [TEST_STEP][PASSED] - b = getText(findTestObject("APOLLO- Desktop/Cart flyout/Unit price - second product")): Text of object 'Object Repository/APOLLO- Desktop/Cart flyout/Unit price - second product' is: '$30'

2019-06-25 12:29:33 - [MESSAGE][PASSED] - Text of object 'Object Repository/APOLLO- Desktop/Cart flyout/Unit price - second product' is: '$30'

2019-06-25 12:29:33 - [TEST_STEP][PASSED] - comment("b=" + b): b=$30

2019-06-25 12:29:33 - [MESSAGE][INFO] - b=$30

2019-06-25 12:29:33 - [TEST_STEP][PASSED] - b1 = b.substring(1): null

2019-06-25 12:29:33 - [TEST_STEP][PASSED] - comment("b1=" + b1): b1=30

2019-06-25 12:29:33 - [MESSAGE][INFO] - b1=30

2019-06-25 12:29:33 - [TEST_STEP][PASSED] - p1 = <not implemented yet for class: org.codehaus.groovy.ast.expr.EmptyExpression>: null

2019-06-25 12:29:33 - [TEST_STEP][PASSED] - p2 = <not implemented yet for class: org.codehaus.groovy.ast.expr.EmptyExpression>: null

2019-06-25 12:29:33 - [TEST_STEP][PASSED] - try: p1=30.0

2019-06-25 12:29:33 - [TEST_STEP][PASSED] - str = a1: null

2019-06-25 12:29:33 - [TEST_STEP][PASSED] - comment("str=" + str): str=30

2019-06-25 12:29:33 - [MESSAGE][INFO] - str=30

2019-06-25 12:29:33 - [TEST_STEP][PASSED] - p1 = Double.valueOf(str): null

2019-06-25 12:29:33 - [TEST_STEP][PASSED] - comment("p1=" + p1): p1=30.0

2019-06-25 12:29:33 - [MESSAGE][INFO] - p1=30.0

2019-06-25 12:29:33 - [TEST_STEP][PASSED] - try: p2=30.0

2019-06-25 12:29:33 - [TEST_STEP][PASSED] - str5 = b1: null

2019-06-25 12:29:33 - [TEST_STEP][PASSED] - comment("str5=" + str5): str5=30

2019-06-25 12:29:33 - [MESSAGE][INFO] - str5=30

2019-06-25 12:29:33 - [TEST_STEP][PASSED] - p2 = Double.valueOf(str5): null

2019-06-25 12:29:33 - [TEST_STEP][PASSED] - comment("p2=" + p2): p2=30.0

2019-06-25 12:29:33 - [MESSAGE][INFO] - p2=30.0

2019-06-25 12:29:33 - [TEST_STEP][PASSED] - total = p1 + p2: null

2019-06-25 12:29:33 - [TEST_STEP][PASSED] - comment("total=" + total): total=60.0

2019-06-25 12:29:33 - [MESSAGE][INFO] - total=60.0

2019-06-25 12:29:33 - [TEST_STEP][PASSED] - c = getText(findTestObject("APOLLO- Desktop/Cart flyout/Subtotal in cart flyout")): Text of object 'Object Repository/APOLLO- Desktop/Cart flyout/Subtotal in cart flyout' is: '$60.00'

2019-06-25 12:29:33 - [MESSAGE][PASSED] - Text of object 'Object Repository/APOLLO- Desktop/Cart flyout/Subtotal in cart flyout' is: '$60.00'

2019-06-25 12:29:33 - [TEST_STEP][PASSED] - comment("c=" + c): c=$60.00

2019-06-25 12:29:33 - [MESSAGE][INFO] - c=$60.00

2019-06-25 12:29:33 - [TEST_STEP][PASSED] - c1 = c.substring(1): null

2019-06-25 12:29:33 - [TEST_STEP][PASSED] - comment("c1=" + c1): c1=60.00

2019-06-25 12:29:33 - [MESSAGE][INFO] - c1=60.00

2019-06-25 12:29:33 - [TEST_STEP][PASSED] - p3 = <not implemented yet for class: org.codehaus.groovy.ast.expr.EmptyExpression>: null

2019-06-25 12:29:33 - [TEST_STEP][PASSED] - try: p3=60.0

2019-06-25 12:29:33 - [TEST_STEP][PASSED] - str = c1: null

2019-06-25 12:29:33 - [TEST_STEP][PASSED] - comment("str=" + str): str=60.00

2019-06-25 12:29:33 - [MESSAGE][INFO] - str=60.00

2019-06-25 12:29:33 - [TEST_STEP][PASSED] - p3 = Double.valueOf(str): null

2019-06-25 12:29:33 - [TEST_STEP][PASSED] - comment("p3=" + p3): p3=60.0

2019-06-25 12:29:33 - [MESSAGE][INFO] - p3=60.0

2019-06-25 12:29:33 - [TEST_STEP][PASSED] - verifyEqual(total, p3): Actual object '60' and expected object '60' are equal

2019-06-25 12:29:33 - [MESSAGE][PASSED] - Actual object '60' and expected object '60' are equal

2019-06-25 12:29:33 - [TEST_STEP][PASSED] - click(findTestObject("APOLLO- Desktop/Cart flyout/Checkout")): Object: 'Object Repository/APOLLO- Desktop/Cart flyout/Checkout' is clicked on

2019-06-25 12:29:36 - [MESSAGE][PASSED] - Object: 'Object Repository/APOLLO- Desktop/Cart flyout/Checkout' is clicked on

2019-06-25 12:29:36 - [TEST_STEP][PASSED] - callTestCase(findTestCase("CALL- CUSTOMER INFO PAGE"), [:], STOP_ON_FAILURE): Call Test Case 'Test Cases/CALL- CUSTOMER INFO PAGE' successfully

2019-06-25 12:29:36 - [TEST_CASE][PASSED] - Test Cases/CALL- CUSTOMER INFO PAGE: Test Cases/CALL- CUSTOMER INFO PAGE

2019-06-25 12:29:36 - [TEST_STEP][PASSED] - delay(2): Delayed 2 second(s)

2019-06-25 12:29:38 - [MESSAGE][PASSED] - Delayed 2 second(s)

2019-06-25 12:29:38 - [TEST_STEP][NOT_RUN] - executeJavaScript("var previewBar = document.getElementById("preview-bar-iframe"); previewBar.style.display = "none";", []): NOT_RUN: executeJavaScript("var previewBar = document.getElementById("preview-bar-iframe"); previewBar.style.display = "none";", [])

2019-06-25 12:29:38 - [MESSAGE][NOT_RUN] - NOT_RUN: executeJavaScript("var previewBar = document.getElementById("preview-bar-iframe"); previewBar.style.display = "none";", [])

2019-06-25 12:29:38 - [TEST_STEP][PASSED] - setText(findTestObject("APOLLO- Desktop/Customer Information page/Email"), "suman@gmail.com"): Text 'suman@gmail.com' is set on object 'Object Repository/APOLLO- Desktop/Customer Information page/Email'

2019-06-25 12:29:38 - [MESSAGE][PASSED] - Text 'suman@gmail.com' is set on object 'Object Repository/APOLLO- Desktop/Customer Information page/Email'

2019-06-25 12:29:38 - [TEST_STEP][PASSED] - delay(2): Delayed 2 second(s)

2019-06-25 12:29:40 - [MESSAGE][PASSED] - Delayed 2 second(s)

2019-06-25 12:29:40 - [TEST_STEP][PASSED] - setText(findTestObject("APOLLO- Desktop/Customer Information page/First name"), "suman"): Text 'suman' is set on object 'Object Repository/APOLLO- Desktop/Customer Information page/First name'

2019-06-25 12:29:40 - [MESSAGE][PASSED] - Text 'suman' is set on object 'Object Repository/APOLLO- Desktop/Customer Information page/First name'

2019-06-25 12:29:40 - [TEST_STEP][PASSED] - delay(2): Delayed 2 second(s)

2019-06-25 12:29:42 - [MESSAGE][PASSED] - Delayed 2 second(s)

2019-06-25 12:29:42 - [TEST_STEP][PASSED] - setText(findTestObject("APOLLO- Desktop/Customer Information page/Last name"), "kompelly"): Text 'kompelly' is set on object 'Object Repository/APOLLO- Desktop/Customer Information page/Last name'

2019-06-25 12:29:42 - [MESSAGE][PASSED] - Text 'kompelly' is set on object 'Object Repository/APOLLO- Desktop/Customer Information page/Last name'

2019-06-25 12:29:42 - [TEST_STEP][PASSED] - delay(2): Delayed 2 second(s)

2019-06-25 12:29:44 - [MESSAGE][PASSED] - Delayed 2 second(s)

2019-06-25 12:29:44 - [TEST_STEP][PASSED] - setText(findTestObject("APOLLO- Desktop/Customer Information page/Address"), "1435 st alxendre"): Text '1435 st alxendre' is set on object 'Object Repository/APOLLO- Desktop/Customer Information page/Address'

2019-06-25 12:29:45 - [MESSAGE][PASSED] - Text '1435 st alxendre' is set on object 'Object Repository/APOLLO- Desktop/Customer Information page/Address'

2019-06-25 12:29:45 - [TEST_STEP][PASSED] - setText(findTestObject("APOLLO- Desktop/Customer Information page/Apartment"), "220"): Text '220' is set on object 'Object Repository/APOLLO- Desktop/Customer Information page/Apartment'

2019-06-25 12:29:45 - [MESSAGE][PASSED] - Text '220' is set on object 'Object Repository/APOLLO- Desktop/Customer Information page/Apartment'

2019-06-25 12:29:45 - [TEST_STEP][PASSED] - setText(findTestObject("APOLLO- Desktop/Customer Information page/City"), "montreal"): Text 'montreal' is set on object 'Object Repository/APOLLO- Desktop/Customer Information page/City'

2019-06-25 12:29:45 - [MESSAGE][PASSED] - Text 'montreal' is set on object 'Object Repository/APOLLO- Desktop/Customer Information page/City'

2019-06-25 12:29:45 - [TEST_STEP][PASSED] - selectOptionByValue(findTestObject("APOLLO- Desktop/Customer Information page/Country dropdown"), "United States", true): All options with value 'United States' are selected in object 'Object Repository/APOLLO- Desktop/Customer Information page/Country dropdown'  using regular expression

2019-06-25 12:29:48 - [MESSAGE][PASSED] - All options with value 'United States' are selected in object 'Object Repository/APOLLO- Desktop/Customer Information page/Country dropdown'  using regular expression

2019-06-25 12:29:48 - [TEST_STEP][PASSED] - selectOptionByValue(findTestObject("APOLLO- Desktop/Customer Information page/states dropdown"), "NJ", true): All options with value 'NJ' are selected in object 'Object Repository/APOLLO- Desktop/Customer Information page/states dropdown'  using regular expression

2019-06-25 12:29:49 - [MESSAGE][PASSED] - All options with value 'NJ' are selected in object 'Object Repository/APOLLO- Desktop/Customer Information page/states dropdown'  using regular expression

2019-06-25 12:29:49 - [TEST_STEP][PASSED] - setText(findTestObject("APOLLO- Desktop/Customer Information page/ZIP code"), "07057"): Text '07057' is set on object 'Object Repository/APOLLO- Desktop/Customer Information page/ZIP code'

2019-06-25 12:29:49 - [MESSAGE][PASSED] - Text '07057' is set on object 'Object Repository/APOLLO- Desktop/Customer Information page/ZIP code'

2019-06-25 12:29:49 - [MESSAGE][PASSED] - Call Test Case 'Test Cases/CALL- CUSTOMER INFO PAGE' successfully

2019-06-25 12:29:49 - [TEST_STEP][PASSED] - click(findTestObject("APOLLO- Desktop/Customer Information page/Continue to shipping")): Object: 'Object Repository/APOLLO- Desktop/Customer Information page/Continue to shipping' is clicked on

2019-06-25 12:29:52 - [MESSAGE][PASSED] - Object: 'Object Repository/APOLLO- Desktop/Customer Information page/Continue to shipping' is clicked on

2019-06-25 12:29:52 - [TEST_STEP][PASSED] - click(findTestObject("APOLLO- Desktop/Shipping page/Radio button check")): Object: 'Object Repository/APOLLO- Desktop/Shipping page/Radio button check' is clicked on

2019-06-25 12:29:54 - [MESSAGE][PASSED] - Object: 'Object Repository/APOLLO- Desktop/Shipping page/Radio button check' is clicked on

2019-06-25 12:29:54 - [TEST_STEP][PASSED] - click(findTestObject("APOLLO- Desktop/Shipping page/Continue to payment")): Object: 'Object Repository/APOLLO- Desktop/Shipping page/Continue to payment' is clicked on

2019-06-25 12:29:56 - [MESSAGE][PASSED] - Object: 'Object Repository/APOLLO- Desktop/Shipping page/Continue to payment' is clicked on

2019-06-25 12:29:56 - [TEST_STEP][PASSED] - click(findTestObject("APOLLO- Desktop/payment page/Payment section")): Object: 'Object Repository/APOLLO- Desktop/payment page/Payment section' is clicked on

2019-06-25 12:29:56 - [MESSAGE][PASSED] - Object: 'Object Repository/APOLLO- Desktop/payment page/Payment section' is clicked on]]></system-out>
         <system-err><![CDATA[]]></system-err>
      </testcase>
      <system-out><![CDATA[2019-06-25 12:00:03 - [TEST_SUITE][FAILED] - Apollo - dark build: Test Cases/HOME PAGE/Hero banner - CTA FAILED.
Reason:
com.kms.katalon.core.exception.StepFailedException: Unable to click on object 'Object Repository/APOLLO- Desktop/Home page/Hero banner - CTA/Shop womesn outer wear' (Root cause: org.openqa.selenium.ElementNotVisibleException: element not interactable
  (Session info: chrome=75.0.3770.100)
  (Driver info: chromedriver=2.43.600229 (3fae4d0cda5334b4f533bede5a4787f7b832d052),platform=Mac OS X 10.13.6 x86_64) (WARNING: The server did not provide any stacktrace information)
Command duration or timeout: 0 milliseconds
Build info: version: '3.7.1', revision: '8a0099a', time: '2017-11-06T21:07:36.161Z'
System info: host: 'sumans-MacBook-Pro.local', ip: 'fe80:0:0:0:b7:68e8:717b:cb34%en0', os.name: 'Mac OS X', os.arch: 'x86_64', os.version: '10.13.6', java.version: '1.8.0_181'
Driver info: com.kms.katalon.selenium.driver.CChromeDriver
Capabilities {acceptInsecureCerts: false, acceptSslCerts: false, applicationCacheEnabled: false, browserConnectionEnabled: false, browserName: chrome, chrome: {chromedriverVersion: 2.43.600229 (3fae4d0cda5334..., userDataDir: /var/folders/1t/c55l8xzs6gq...}, cssSelectorsEnabled: true, databaseEnabled: false, goog:chromeOptions: {debuggerAddress: localhost:54170}, handlesAlerts: true, hasTouchScreen: false, javascriptEnabled: true, locationContextEnabled: true, mobileEmulationEnabled: false, nativeEvents: true, networkConnectionEnabled: false, pageLoadStrategy: normal, platform: MAC, platformName: MAC, rotatable: false, setWindowRect: true, takesHeapSnapshot: true, takesScreenshot: true, unexpectedAlertBehaviour: , unhandledPromptBehavior: , version: 75.0.3770.100, webStorageEnabled: true}
Session ID: cfb4c4e03092855eb67c4e93ea78bda0)
	at com.kms.katalon.core.keyword.internal.KeywordMain.stepFailed(KeywordMain.groovy:36)
	at com.kms.katalon.core.webui.keyword.internal.WebUIKeywordMain.stepFailed(WebUIKeywordMain.groovy:65)
	at com.kms.katalon.core.webui.keyword.internal.WebUIKeywordMain.runKeyword(WebUIKeywordMain.groovy:27)
	at com.kms.katalon.core.webui.keyword.builtin.ClickKeyword.click(ClickKeyword.groovy:86)
	at com.kms.katalon.core.webui.keyword.builtin.ClickKeyword.execute(ClickKeyword.groovy:67)
	at com.kms.katalon.core.keyword.internal.KeywordExecutor.executeKeywordForPlatform(KeywordExecutor.groovy:53)
	at com.kms.katalon.core.webui.keyword.WebUiBuiltInKeywords.click(WebUiBuiltInKeywords.groovy:616)
	at com.kms.katalon.core.webui.keyword.WebUiBuiltInKeywords$click$1.call(Unknown Source)
	at Hero banner - CTA.run(Hero banner - CTA:48)
	at com.kms.katalon.core.main.ScriptEngine.run(ScriptEngine.java:194)
	at com.kms.katalon.core.main.ScriptEngine.runScriptAsRawText(ScriptEngine.java:119)
	at com.kms.katalon.core.main.TestCaseExecutor.runScript(TestCaseExecutor.java:328)
	at com.kms.katalon.core.main.TestCaseExecutor.doExecute(TestCaseExecutor.java:319)
	at com.kms.katalon.core.main.TestCaseExecutor.processExecutionPhase(TestCaseExecutor.java:298)
	at com.kms.katalon.core.main.TestCaseExecutor.accessMainPhase(TestCaseExecutor.java:290)
	at com.kms.katalon.core.main.TestCaseExecutor.execute(TestCaseExecutor.java:224)
	at com.kms.katalon.core.main.TestSuiteExecutor.accessTestCaseMainPhase(TestSuiteExecutor.java:129)
	at com.kms.katalon.core.main.TestSuiteExecutor.accessTestSuiteMainPhase(TestSuiteExecutor.java:112)
	at com.kms.katalon.core.main.TestSuiteExecutor.execute(TestSuiteExecutor.java:81)
	at com.kms.katalon.core.main.TestCaseMain.startTestSuite(TestCaseMain.java:149)
	at com.kms.katalon.core.main.TestCaseMain$startTestSuite$0.call(Unknown Source)
	at TempTestSuite1561478401383.run(TempTestSuite1561478401383.groovy:36)]]></system-out>
      <system-err><![CDATA[2019-06-25 12:00:03 - [TEST_SUITE][FAILED] - Apollo - dark build: Test Cases/HOME PAGE/Hero banner - CTA FAILED.
Reason:
com.kms.katalon.core.exception.StepFailedException: Unable to click on object 'Object Repository/APOLLO- Desktop/Home page/Hero banner - CTA/Shop womesn outer wear' (Root cause: org.openqa.selenium.ElementNotVisibleException: element not interactable
  (Session info: chrome=75.0.3770.100)
  (Driver info: chromedriver=2.43.600229 (3fae4d0cda5334b4f533bede5a4787f7b832d052),platform=Mac OS X 10.13.6 x86_64) (WARNING: The server did not provide any stacktrace information)
Command duration or timeout: 0 milliseconds
Build info: version: '3.7.1', revision: '8a0099a', time: '2017-11-06T21:07:36.161Z'
System info: host: 'sumans-MacBook-Pro.local', ip: 'fe80:0:0:0:b7:68e8:717b:cb34%en0', os.name: 'Mac OS X', os.arch: 'x86_64', os.version: '10.13.6', java.version: '1.8.0_181'
Driver info: com.kms.katalon.selenium.driver.CChromeDriver
Capabilities {acceptInsecureCerts: false, acceptSslCerts: false, applicationCacheEnabled: false, browserConnectionEnabled: false, browserName: chrome, chrome: {chromedriverVersion: 2.43.600229 (3fae4d0cda5334..., userDataDir: /var/folders/1t/c55l8xzs6gq...}, cssSelectorsEnabled: true, databaseEnabled: false, goog:chromeOptions: {debuggerAddress: localhost:54170}, handlesAlerts: true, hasTouchScreen: false, javascriptEnabled: true, locationContextEnabled: true, mobileEmulationEnabled: false, nativeEvents: true, networkConnectionEnabled: false, pageLoadStrategy: normal, platform: MAC, platformName: MAC, rotatable: false, setWindowRect: true, takesHeapSnapshot: true, takesScreenshot: true, unexpectedAlertBehaviour: , unhandledPromptBehavior: , version: 75.0.3770.100, webStorageEnabled: true}
Session ID: cfb4c4e03092855eb67c4e93ea78bda0)
	at com.kms.katalon.core.keyword.internal.KeywordMain.stepFailed(KeywordMain.groovy:36)
	at com.kms.katalon.core.webui.keyword.internal.WebUIKeywordMain.stepFailed(WebUIKeywordMain.groovy:65)
	at com.kms.katalon.core.webui.keyword.internal.WebUIKeywordMain.runKeyword(WebUIKeywordMain.groovy:27)
	at com.kms.katalon.core.webui.keyword.builtin.ClickKeyword.click(ClickKeyword.groovy:86)
	at com.kms.katalon.core.webui.keyword.builtin.ClickKeyword.execute(ClickKeyword.groovy:67)
	at com.kms.katalon.core.keyword.internal.KeywordExecutor.executeKeywordForPlatform(KeywordExecutor.groovy:53)
	at com.kms.katalon.core.webui.keyword.WebUiBuiltInKeywords.click(WebUiBuiltInKeywords.groovy:616)
	at com.kms.katalon.core.webui.keyword.WebUiBuiltInKeywords$click$1.call(Unknown Source)
	at Hero banner - CTA.run(Hero banner - CTA:48)
	at com.kms.katalon.core.main.ScriptEngine.run(ScriptEngine.java:194)
	at com.kms.katalon.core.main.ScriptEngine.runScriptAsRawText(ScriptEngine.java:119)
	at com.kms.katalon.core.main.TestCaseExecutor.runScript(TestCaseExecutor.java:328)
	at com.kms.katalon.core.main.TestCaseExecutor.doExecute(TestCaseExecutor.java:319)
	at com.kms.katalon.core.main.TestCaseExecutor.processExecutionPhase(TestCaseExecutor.java:298)
	at com.kms.katalon.core.main.TestCaseExecutor.accessMainPhase(TestCaseExecutor.java:290)
	at com.kms.katalon.core.main.TestCaseExecutor.execute(TestCaseExecutor.java:224)
	at com.kms.katalon.core.main.TestSuiteExecutor.accessTestCaseMainPhase(TestSuiteExecutor.java:129)
	at com.kms.katalon.core.main.TestSuiteExecutor.accessTestSuiteMainPhase(TestSuiteExecutor.java:112)
	at com.kms.katalon.core.main.TestSuiteExecutor.execute(TestSuiteExecutor.java:81)
	at com.kms.katalon.core.main.TestCaseMain.startTestSuite(TestCaseMain.java:149)
	at com.kms.katalon.core.main.TestCaseMain$startTestSuite$0.call(Unknown Source)
	at TempTestSuite1561478401383.run(TempTestSuite1561478401383.groovy:36)]]></system-err>
   </testsuite>
</testsuites>
